#
# There is insufficient memory for the Java Runtime Environment to continue.
# Native memory allocation (malloc) failed to allocate 930000 bytes for Chunk::new
# Possible reasons:
#   The system is out of physical RAM or swap space
#   The process is running with CompressedOops enabled, and the Java Heap may be blocking the growth of the native heap
# Possible solutions:
#   Reduce memory load on the system
#   Increase physical memory or swap space
#   Check if swap backing store is full
#   Decrease Java heap size (-Xmx/-Xms)
#   Decrease number of Java threads
#   Decrease Java thread stack sizes (-Xss)
#   Set larger code cache with -XX:ReservedCodeCacheSize=
#   JVM is running with Unscaled Compressed Oops mode in which the Java heap is
#     placed in the first 4GB address space. The Java Heap base address is the
#     maximum limit for the native heap growth. Please use -XX:HeapBaseMinAddress
#     to set the Java Heap base and to place the Java Heap above 4GB virtual address.
# This output file may be truncated or incomplete.
#
#  Out of Memory Error (arena.cpp:191), pid=32, tid=8044
#
# JRE version: OpenJDK Runtime Environment Temurin-17.0.10+7 (17.0.10+7) (build 17.0.10+7)
# Java VM: OpenJDK 64-Bit Server VM Temurin-17.0.10+7 (17.0.10+7, mixed mode, tiered, compressed oops, compressed class ptrs, parallel gc, windows-amd64)
# No core dump will be written. Minidumps are not enabled by default on client versions of Windows
#

---------------  S U M M A R Y ------------

Command Line: --add-modules=ALL-SYSTEM --add-opens=java.base/java.util=ALL-UNNAMED --add-opens=java.base/java.lang=ALL-UNNAMED --add-opens=java.base/sun.nio.fs=ALL-UNNAMED -Declipse.application=org.eclipse.jdt.ls.core.id1 -Dosgi.bundles.defaultStartLevel=4 -Declipse.product=org.eclipse.jdt.ls.core.product -Djava.import.generatesMetadataFilesAtProjectRoot=false -DDetectVMInstallationsJob.disabled=true -Dfile.encoding=utf8 -XX:+UseParallelGC -XX:GCTimeRatio=4 -XX:AdaptiveSizePolicyWeight=90 -Dsun.zip.disableMemoryMapping=true -Xmx1G -Xms100m -Xlog:disable -javaagent:c:\Users\ad\.vscode\extensions\redhat.java-1.30.0-win32-x64\lombok\lombok-1.18.32.jar c:\Users\ad\.vscode\extensions\redhat.java-1.30.0-win32-x64\server\plugins\org.eclipse.equinox.launcher_1.6.800.v20240330-1250.jar -configuration c:\Users\ad\AppData\Roaming\Code\User\globalStorage\redhat.java\1.30.0\config_ss_win -data c:\Users\ad\AppData\Roaming\Code\User\workspaceStorage\5141195cbf08ab991431c901b3b18a4e\redhat.java\ss_ws --pipe=\\.\pipe\lsp-f6677f91585aa50f76017a7f843e9b7f-sock

Host: Intel(R) Core(TM) i5-8250U CPU @ 1.60GHz, 8 cores, 15G,  Windows 10 , 64 bit Build 19041 (10.0.19041.3636)
Time: Wed May 15 16:13:17 2024 SE Asia Standard Time elapsed time: 7.224407 seconds (0d 0h 0m 7s)

---------------  T H R E A D  ---------------

Current thread (0x0000024280dbf930):  JavaThread "C2 CompilerThread1" daemon [_thread_in_native, id=8044, stack(0x0000004780b00000,0x0000004780c00000)]


Current CompileTask:
C2:   7224 3537       4       jdk.internal.jrtfs.JrtFileSystem::checkNode (40 bytes)

Stack: [0x0000004780b00000,0x0000004780c00000]
Native frames: (J=compiled Java code, j=interpreted, Vv=VM code, C=native code)
V  [jvm.dll+0x67d2c9]
V  [jvm.dll+0x834afa]
V  [jvm.dll+0x8365be]
V  [jvm.dll+0x836c23]
V  [jvm.dll+0x2477ff]
V  [jvm.dll+0xac514]
V  [jvm.dll+0xacb5c]
V  [jvm.dll+0x3667d7]
V  [jvm.dll+0x1bcf72]
V  [jvm.dll+0x21a049]
V  [jvm.dll+0x219311]
V  [jvm.dll+0x1a502d]
V  [jvm.dll+0x2290de]
V  [jvm.dll+0x2272ac]
V  [jvm.dll+0x7e9bb7]
V  [jvm.dll+0x7e3fba]
V  [jvm.dll+0x67c1b5]
C  [ucrtbase.dll+0x21bb2]
C  [KERNEL32.DLL+0x17344]
C  [ntdll.dll+0x526b1]


---------------  P R O C E S S  ---------------

Threads class SMR info:
_java_thread_list=0x000002428154a090, length=34, elements={
0x00000242e5584a90, 0x00000242f94135b0, 0x00000242f9416d80, 0x00000242fe6cb390,
0x00000242fe6d04d0, 0x00000242fe6d2d80, 0x00000242fe6d4660, 0x00000242fe6d5260,
0x00000242f941bf40, 0x00000242fe732300, 0x00000242fe7f9180, 0x00000242fe9f75d0,
0x00000242ffa5f300, 0x0000024280440820, 0x00000242800fcf30, 0x000002428021c910,
0x0000024280133410, 0x00000242801b6aa0, 0x00000242801b6590, 0x00000242801b79d0,
0x00000242801b6fb0, 0x00000242801b74c0, 0x00000242819b63e0, 0x00000242819b2c30,
0x00000242819b4a90, 0x00000242819b3650, 0x00000242819b3b60, 0x00000242819b68f0,
0x00000242819b7310, 0x00000242819b4070, 0x00000242819b4580, 0x00000242819b3140,
0x00000242819b4fa0, 0x0000024280dbf930
}

Java Threads: ( => current thread )
  0x00000242e5584a90 JavaThread "main" [_thread_blocked, id=1940, stack(0x00000047feb00000,0x00000047fec00000)]
  0x00000242f94135b0 JavaThread "Reference Handler" daemon [_thread_blocked, id=15216, stack(0x00000047fee00000,0x00000047fef00000)]
  0x00000242f9416d80 JavaThread "Finalizer" daemon [_thread_blocked, id=12880, stack(0x00000047fef00000,0x00000047ff000000)]
  0x00000242fe6cb390 JavaThread "Signal Dispatcher" daemon [_thread_blocked, id=13448, stack(0x00000047ff000000,0x00000047ff100000)]
  0x00000242fe6d04d0 JavaThread "Attach Listener" daemon [_thread_blocked, id=11660, stack(0x00000047ff100000,0x00000047ff200000)]
  0x00000242fe6d2d80 JavaThread "Service Thread" daemon [_thread_blocked, id=4904, stack(0x00000047ff200000,0x00000047ff300000)]
  0x00000242fe6d4660 JavaThread "Monitor Deflation Thread" daemon [_thread_blocked, id=10368, stack(0x00000047ff300000,0x00000047ff400000)]
  0x00000242fe6d5260 JavaThread "C2 CompilerThread0" daemon [_thread_in_native, id=9164, stack(0x00000047ff400000,0x00000047ff500000)]
  0x00000242f941bf40 JavaThread "C1 CompilerThread0" daemon [_thread_blocked, id=6212, stack(0x00000047ff500000,0x00000047ff600000)]
  0x00000242fe732300 JavaThread "Sweeper thread" daemon [_thread_blocked, id=14072, stack(0x00000047ff600000,0x00000047ff700000)]
  0x00000242fe7f9180 JavaThread "Common-Cleaner" daemon [_thread_blocked, id=10572, stack(0x00000047ff700000,0x00000047ff800000)]
  0x00000242fe9f75d0 JavaThread "Notification Thread" daemon [_thread_blocked, id=11248, stack(0x00000047ff900000,0x00000047ffa00000)]
  0x00000242ffa5f300 JavaThread "Active Thread: Equinox Container: 5c047a5e-f5f9-4fbf-ae90-6127b241b208" [_thread_blocked, id=15676, stack(0x0000004780200000,0x0000004780300000)]
  0x0000024280440820 JavaThread "Framework Event Dispatcher: Equinox Container: 5c047a5e-f5f9-4fbf-ae90-6127b241b208" daemon [_thread_blocked, id=16012, stack(0x0000004780300000,0x0000004780400000)]
  0x00000242800fcf30 JavaThread "Start Level: Equinox Container: 5c047a5e-f5f9-4fbf-ae90-6127b241b208" daemon [_thread_blocked, id=10044, stack(0x0000004780400000,0x0000004780500000)]
  0x000002428021c910 JavaThread "SCR Component Actor" daemon [_thread_blocked, id=13640, stack(0x0000004780500000,0x0000004780600000)]
  0x0000024280133410 JavaThread "SCR Component Registry" daemon [_thread_blocked, id=15704, stack(0x0000004780700000,0x0000004780800000)]
  0x00000242801b6aa0 JavaThread "Worker-JM" [_thread_blocked, id=2332, stack(0x0000004780800000,0x0000004780900000)]
  0x00000242801b6590 JavaThread "Worker-0: Initialize Workspace" [_thread_in_Java, id=16452, stack(0x0000004780900000,0x0000004780a00000)]
  0x00000242801b79d0 JavaThread "Worker-1" [_thread_blocked, id=13720, stack(0x0000004780a00000,0x0000004780b00000)]
  0x00000242801b6fb0 JavaThread "JNA Cleaner" daemon [_thread_blocked, id=10676, stack(0x0000004780d00000,0x0000004780e00000)]
  0x00000242801b74c0 JavaThread "Thread-2" daemon [_thread_in_native, id=15064, stack(0x0000004780f00000,0x0000004781000000)]
  0x00000242819b63e0 JavaThread "Thread-3" daemon [_thread_in_native, id=12756, stack(0x0000004781000000,0x0000004781100000)]
  0x00000242819b2c30 JavaThread "Thread-4" daemon [_thread_in_native, id=13364, stack(0x0000004781100000,0x0000004781200000)]
  0x00000242819b4a90 JavaThread "Thread-5" daemon [_thread_in_native, id=13428, stack(0x0000004781200000,0x0000004781300000)]
  0x00000242819b3650 JavaThread "Thread-6" daemon [_thread_in_native, id=13520, stack(0x0000004781300000,0x0000004781400000)]
  0x00000242819b3b60 JavaThread "Thread-7" daemon [_thread_in_native, id=6692, stack(0x0000004781400000,0x0000004781500000)]
  0x00000242819b68f0 JavaThread "Thread-8" daemon [_thread_in_native, id=10752, stack(0x0000004781500000,0x0000004781600000)]
  0x00000242819b7310 JavaThread "Thread-9" daemon [_thread_in_native, id=10404, stack(0x0000004781600000,0x0000004781700000)]
  0x00000242819b4070 JavaThread "Thread-10" daemon [_thread_in_native, id=16908, stack(0x0000004781700000,0x0000004781800000)]
  0x00000242819b4580 JavaThread "pool-2-thread-1" [_thread_blocked, id=13960, stack(0x0000004781800000,0x0000004781900000)]
  0x00000242819b3140 JavaThread "WorkspaceEventsHandler" [_thread_blocked, id=15152, stack(0x0000004781900000,0x0000004781a00000)]
  0x00000242819b4fa0 JavaThread "pool-1-thread-1" [_thread_blocked, id=17008, stack(0x0000004781a00000,0x0000004781b00000)]
=>0x0000024280dbf930 JavaThread "C2 CompilerThread1" daemon [_thread_in_native, id=8044, stack(0x0000004780b00000,0x0000004780c00000)]

Other Threads:
  0x00000242fe690c20 VMThread "VM Thread" [stack: 0x00000047fed00000,0x00000047fee00000] [id=16684]
  0x00000242fe9f7ab0 WatcherThread [stack: 0x00000047ffa00000,0x00000047ffb00000] [id=12900]
  0x00000242e559df10 GCTaskThread "GC Thread#0" [stack: 0x00000047fec00000,0x00000047fed00000] [id=2268]
  0x00000242ffa66060 GCTaskThread "GC Thread#1" [stack: 0x00000047ffc00000,0x00000047ffd00000] [id=5644]
  0x00000242ffa66320 GCTaskThread "GC Thread#2" [stack: 0x00000047ffd00000,0x00000047ffe00000] [id=5800]
  0x00000242ffa98e50 GCTaskThread "GC Thread#3" [stack: 0x00000047ffe00000,0x00000047fff00000] [id=10308]
  0x00000242ffa99110 GCTaskThread "GC Thread#4" [stack: 0x00000047fff00000,0x0000004800000000] [id=14588]
  0x00000242ffa993d0 GCTaskThread "GC Thread#5" [stack: 0x0000004780000000,0x0000004780100000] [id=11004]
  0x00000242ffa99690 GCTaskThread "GC Thread#6" [stack: 0x0000004780100000,0x0000004780200000] [id=15764]
  0x00000242ff776e50 GCTaskThread "GC Thread#7" [stack: 0x0000004780600000,0x0000004780700000] [id=15724]

Threads with active compile tasks:
C2 CompilerThread0     7292 3585       4       jdk.internal.jimage.ImageReader$SharedImageReader::makeDirectories (54 bytes)
C2 CompilerThread1     7292 3537       4       jdk.internal.jrtfs.JrtFileSystem::checkNode (40 bytes)

VM state: not at safepoint (normal execution)

VM Mutex/Monitor currently owned by a thread: None

Heap address: 0x00000000c0000000, size: 1024 MB, Compressed Oops mode: 32-bit

CDS archive(s) not mapped
Compressed class space mapped at: 0x0000000100000000-0x0000000140000000, reserved size: 1073741824
Narrow klass base: 0x0000000000000000, Narrow klass shift: 3, Narrow klass range: 0x140000000

GC Precious Log:
 CPUs: 8 total, 8 available
 Memory: 16248M
 Large Page Support: Disabled
 NUMA Support: Disabled
 Compressed Oops: Enabled (32-bit)
 Alignments: Space 512K, Generation 512K, Heap 2M
 Heap Min Capacity: 100M
 Heap Initial Capacity: 100M
 Heap Max Capacity: 1G
 Pre-touch: Disabled
 Parallel Workers: 8

Heap:
 PSYoungGen      total 25088K, used 4938K [0x00000000eab00000, 0x00000000ec700000, 0x0000000100000000)
  eden space 22528K, 11% used [0x00000000eab00000,0x00000000eada2958,0x00000000ec100000)
  from space 2560K, 87% used [0x00000000ec300000,0x00000000ec530010,0x00000000ec580000)
  to   space 1536K, 0% used [0x00000000ec580000,0x00000000ec580000,0x00000000ec700000)
 ParOldGen       total 68608K, used 14471K [0x00000000c0000000, 0x00000000c4300000, 0x00000000eab00000)
  object space 68608K, 21% used [0x00000000c0000000,0x00000000c0e21f90,0x00000000c4300000)
 Metaspace       used 37513K, committed 38208K, reserved 1114112K
  class space    used 3785K, committed 4096K, reserved 1048576K

Card table byte_map: [0x00000242e4f20000,0x00000242e5130000] _byte_map_base: 0x00000242e4920000

Marking Bits: (ParMarkBitMap*) 0x00007ff9af3cd7d0
 Begin Bits: [0x00000242f7220000, 0x00000242f8220000)
 End Bits:   [0x00000242f8220000, 0x00000242f9220000)

Polling page: 0x00000242e3520000

Metaspace:

Usage:
  Non-class:     32.94 MB used.
      Class:      3.70 MB used.
       Both:     36.63 MB used.

Virtual space:
  Non-class space:       64.00 MB reserved,      33.31 MB ( 52%) committed,  1 nodes.
      Class space:        1.00 GB reserved,       4.00 MB ( <1%) committed,  1 nodes.
             Both:        1.06 GB reserved,      37.31 MB (  3%) committed. 

Chunk freelists:
   Non-Class:  14.59 MB
       Class:  11.91 MB
        Both:  26.50 MB

MaxMetaspaceSize: unlimited
CompressedClassSpaceSize: 1.00 GB
Initial GC threshold: 21.00 MB
Current GC threshold: 58.38 MB
CDS: off
MetaspaceReclaimPolicy: balanced
 - commit_granule_bytes: 65536.
 - commit_granule_words: 8192.
 - virtual_space_node_default_size: 8388608.
 - enlarge_chunks_in_place: 1.
 - new_chunks_are_fully_committed: 0.
 - uncommit_free_chunks: 1.
 - use_allocation_guard: 0.
 - handle_deallocations: 1.


Internal statistics:

num_allocs_failed_limit: 6.
num_arena_births: 370.
num_arena_deaths: 14.
num_vsnodes_births: 2.
num_vsnodes_deaths: 0.
num_space_committed: 597.
num_space_uncommitted: 0.
num_chunks_returned_to_freelist: 20.
num_chunks_taken_from_freelist: 1514.
num_chunk_merges: 12.
num_chunk_splits: 999.
num_chunks_enlarged: 675.
num_inconsistent_stats: 0.

CodeHeap 'non-profiled nmethods': size=120000Kb used=1635Kb max_used=1635Kb free=118364Kb
 bounds [0x00000242efcf0000, 0x00000242eff60000, 0x00000242f7220000]
CodeHeap 'profiled nmethods': size=120000Kb used=7261Kb max_used=7261Kb free=112738Kb
 bounds [0x00000242e8220000, 0x00000242e8940000, 0x00000242ef750000]
CodeHeap 'non-nmethods': size=5760Kb used=1286Kb max_used=1334Kb free=4473Kb
 bounds [0x00000242ef750000, 0x00000242ef9c0000, 0x00000242efcf0000]
 total_blobs=4247 nmethods=3629 adapters=531
 compilation: enabled
              stopped_count=0, restarted_count=0
 full_count=0

Compilation events (20 events):
Event: 7.164 Thread 0x00000242f941bf40 nmethod 3615 0x00000242e8914210 code [0x00000242e8914420, 0x00000242e8914e38]
Event: 7.164 Thread 0x00000242f941bf40 3616       3       org.eclipse.jdt.internal.core.JarPackageFragmentRoot::resource (15 bytes)
Event: 7.164 Thread 0x00000242f941bf40 nmethod 3616 0x00000242e8915090 code [0x00000242e8915240, 0x00000242e8915418]
Event: 7.167 Thread 0x00000242f941bf40 3618   !   3       sun.nio.fs.WindowsPath::initOffsets (153 bytes)
Event: 7.170 Thread 0x00000242f941bf40 nmethod 3618 0x00000242e8915510 code [0x00000242e8915900, 0x00000242e8917a18]
Event: 7.179 Thread 0x00000242f941bf40 3620       3       org.eclipse.core.internal.resources.Resource::getResourceInfo (14 bytes)
Event: 7.179 Thread 0x00000242f941bf40 nmethod 3620 0x00000242e8918790 code [0x00000242e8918940, 0x00000242e8918b48]
Event: 7.179 Thread 0x00000242f941bf40 3621       3       org.eclipse.jdt.internal.core.PackageFragmentRoot::resource (17 bytes)
Event: 7.180 Thread 0x00000242f941bf40 nmethod 3621 0x00000242e8918c10 code [0x00000242e8918e20, 0x00000242e8919558]
Event: 7.180 Thread 0x00000242f941bf40 3622       1       org.eclipse.jdt.internal.core.ClasspathEntry::getExtraAttributes (5 bytes)
Event: 7.180 Thread 0x00000242f941bf40 nmethod 3622 0x00000242efe7f210 code [0x00000242efe7f3a0, 0x00000242efe7f478]
Event: 7.188 Thread 0x00000242f941bf40 3623       3       org.eclipse.jdt.internal.core.JarPackageFragmentRoot::isExternal (11 bytes)
Event: 7.188 Thread 0x00000242f941bf40 nmethod 3623 0x00000242e8919710 code [0x00000242e8919920, 0x00000242e891a228]
Event: 7.189 Thread 0x00000242f941bf40 3624  s    3       org.eclipse.jdt.internal.core.JavaModelManager::getInfo (39 bytes)
Event: 7.190 Thread 0x00000242f941bf40 nmethod 3624 0x00000242e891a490 code [0x00000242e891a680, 0x00000242e891ace8]
Event: 7.190 Thread 0x00000242f941bf40 3625       3       sun.nio.fs.WindowsPath::elementAsString (62 bytes)
Event: 7.191 Thread 0x00000242f941bf40 nmethod 3625 0x00000242e891ae90 code [0x00000242e891b0a0, 0x00000242e891b548]
Event: 7.202 Thread 0x00000242f941bf40 3627       1       org.eclipse.core.internal.resources.Project::getType (2 bytes)
Event: 7.202 Thread 0x00000242f941bf40 nmethod 3627 0x00000242efe7f510 code [0x00000242efe7f6a0, 0x00000242efe7f778]
Event: 7.203 Thread 0x00000242f941bf40 3628       3       org.eclipse.jdt.internal.compiler.parser.Scanner::internalScanIdentifierOrKeyword (4773 bytes)

GC Heap History (20 events):
Event: 2.749 GC heap before
{Heap before GC invocations=3 (full 0):
 PSYoungGen      total 29696K, used 29684K [0x00000000eab00000, 0x00000000ecc00000, 0x0000000100000000)
  eden space 25600K, 100% used [0x00000000eab00000,0x00000000ec400000,0x00000000ec400000)
  from space 4096K, 99% used [0x00000000ec800000,0x00000000ecbfd298,0x00000000ecc00000)
  to   space 4096K, 0% used [0x00000000ec400000,0x00000000ec400000,0x00000000ec800000)
 ParOldGen       total 68608K, used 746K [0x00000000c0000000, 0x00000000c4300000, 0x00000000eab00000)
  object space 68608K, 1% used [0x00000000c0000000,0x00000000c00ba830,0x00000000c4300000)
 Metaspace       used 19734K, committed 20160K, reserved 1114112K
  class space    used 2012K, committed 2176K, reserved 1048576K
}
Event: 2.754 GC heap after
{Heap after GC invocations=3 (full 0):
 PSYoungGen      total 29696K, used 4069K [0x00000000eab00000, 0x00000000ecc00000, 0x0000000100000000)
  eden space 25600K, 0% used [0x00000000eab00000,0x00000000eab00000,0x00000000ec400000)
  from space 4096K, 99% used [0x00000000ec400000,0x00000000ec7f9448,0x00000000ec800000)
  to   space 4096K, 0% used [0x00000000ec800000,0x00000000ec800000,0x00000000ecc00000)
 ParOldGen       total 68608K, used 2707K [0x00000000c0000000, 0x00000000c4300000, 0x00000000eab00000)
  object space 68608K, 3% used [0x00000000c0000000,0x00000000c02a4c68,0x00000000c4300000)
 Metaspace       used 19734K, committed 20160K, reserved 1114112K
  class space    used 2012K, committed 2176K, reserved 1048576K
}
Event: 2.987 GC heap before
{Heap before GC invocations=4 (full 0):
 PSYoungGen      total 29696K, used 11808K [0x00000000eab00000, 0x00000000ecc00000, 0x0000000100000000)
  eden space 25600K, 30% used [0x00000000eab00000,0x00000000eb28ee80,0x00000000ec400000)
  from space 4096K, 99% used [0x00000000ec400000,0x00000000ec7f9448,0x00000000ec800000)
  to   space 4096K, 0% used [0x00000000ec800000,0x00000000ec800000,0x00000000ecc00000)
 ParOldGen       total 68608K, used 2707K [0x00000000c0000000, 0x00000000c4300000, 0x00000000eab00000)
  object space 68608K, 3% used [0x00000000c0000000,0x00000000c02a4c68,0x00000000c4300000)
 Metaspace       used 21033K, committed 21504K, reserved 1114112K
  class space    used 2149K, committed 2368K, reserved 1048576K
}
Event: 2.990 GC heap after
{Heap after GC invocations=4 (full 0):
 PSYoungGen      total 29696K, used 4094K [0x00000000eab00000, 0x00000000ecc00000, 0x0000000100000000)
  eden space 25600K, 0% used [0x00000000eab00000,0x00000000eab00000,0x00000000ec400000)
  from space 4096K, 99% used [0x00000000ec800000,0x00000000ecbff8b0,0x00000000ecc00000)
  to   space 4096K, 0% used [0x00000000ec400000,0x00000000ec400000,0x00000000ec800000)
 ParOldGen       total 68608K, used 2948K [0x00000000c0000000, 0x00000000c4300000, 0x00000000eab00000)
  object space 68608K, 4% used [0x00000000c0000000,0x00000000c02e1388,0x00000000c4300000)
 Metaspace       used 21033K, committed 21504K, reserved 1114112K
  class space    used 2149K, committed 2368K, reserved 1048576K
}
Event: 2.991 GC heap before
{Heap before GC invocations=5 (full 1):
 PSYoungGen      total 29696K, used 4094K [0x00000000eab00000, 0x00000000ecc00000, 0x0000000100000000)
  eden space 25600K, 0% used [0x00000000eab00000,0x00000000eab00000,0x00000000ec400000)
  from space 4096K, 99% used [0x00000000ec800000,0x00000000ecbff8b0,0x00000000ecc00000)
  to   space 4096K, 0% used [0x00000000ec400000,0x00000000ec400000,0x00000000ec800000)
 ParOldGen       total 68608K, used 2948K [0x00000000c0000000, 0x00000000c4300000, 0x00000000eab00000)
  object space 68608K, 4% used [0x00000000c0000000,0x00000000c02e1388,0x00000000c4300000)
 Metaspace       used 21033K, committed 21504K, reserved 1114112K
  class space    used 2149K, committed 2368K, reserved 1048576K
}
Event: 3.016 GC heap after
{Heap after GC invocations=5 (full 1):
 PSYoungGen      total 29696K, used 0K [0x00000000eab00000, 0x00000000ecc00000, 0x0000000100000000)
  eden space 25600K, 0% used [0x00000000eab00000,0x00000000eab00000,0x00000000ec400000)
  from space 4096K, 0% used [0x00000000ec800000,0x00000000ec800000,0x00000000ecc00000)
  to   space 4096K, 0% used [0x00000000ec400000,0x00000000ec400000,0x00000000ec800000)
 ParOldGen       total 68608K, used 6846K [0x00000000c0000000, 0x00000000c4300000, 0x00000000eab00000)
  object space 68608K, 9% used [0x00000000c0000000,0x00000000c06af9a0,0x00000000c4300000)
 Metaspace       used 21020K, committed 21504K, reserved 1114112K
  class space    used 2146K, committed 2368K, reserved 1048576K
}
Event: 3.387 GC heap before
{Heap before GC invocations=6 (full 1):
 PSYoungGen      total 29696K, used 25600K [0x00000000eab00000, 0x00000000ecc00000, 0x0000000100000000)
  eden space 25600K, 100% used [0x00000000eab00000,0x00000000ec400000,0x00000000ec400000)
  from space 4096K, 0% used [0x00000000ec800000,0x00000000ec800000,0x00000000ecc00000)
  to   space 4096K, 0% used [0x00000000ec400000,0x00000000ec400000,0x00000000ec800000)
 ParOldGen       total 68608K, used 6846K [0x00000000c0000000, 0x00000000c4300000, 0x00000000eab00000)
  object space 68608K, 9% used [0x00000000c0000000,0x00000000c06af9a0,0x00000000c4300000)
 Metaspace       used 23997K, committed 24448K, reserved 1114112K
  class space    used 2363K, committed 2560K, reserved 1048576K
}
Event: 3.389 GC heap after
{Heap after GC invocations=6 (full 1):
 PSYoungGen      total 26112K, used 543K [0x00000000eab00000, 0x00000000ec880000, 0x0000000100000000)
  eden space 25088K, 0% used [0x00000000eab00000,0x00000000eab00000,0x00000000ec380000)
  from space 1024K, 53% used [0x00000000ec400000,0x00000000ec487eb0,0x00000000ec500000)
  to   space 2560K, 0% used [0x00000000ec600000,0x00000000ec600000,0x00000000ec880000)
 ParOldGen       total 68608K, used 6854K [0x00000000c0000000, 0x00000000c4300000, 0x00000000eab00000)
  object space 68608K, 9% used [0x00000000c0000000,0x00000000c06b19a0,0x00000000c4300000)
 Metaspace       used 23997K, committed 24448K, reserved 1114112K
  class space    used 2363K, committed 2560K, reserved 1048576K
}
Event: 3.848 GC heap before
{Heap before GC invocations=7 (full 1):
 PSYoungGen      total 26112K, used 25631K [0x00000000eab00000, 0x00000000ec880000, 0x0000000100000000)
  eden space 25088K, 100% used [0x00000000eab00000,0x00000000ec380000,0x00000000ec380000)
  from space 1024K, 53% used [0x00000000ec400000,0x00000000ec487eb0,0x00000000ec500000)
  to   space 2560K, 0% used [0x00000000ec600000,0x00000000ec600000,0x00000000ec880000)
 ParOldGen       total 68608K, used 6854K [0x00000000c0000000, 0x00000000c4300000, 0x00000000eab00000)
  object space 68608K, 9% used [0x00000000c0000000,0x00000000c06b19a0,0x00000000c4300000)
 Metaspace       used 26738K, committed 27200K, reserved 1114112K
  class space    used 2577K, committed 2816K, reserved 1048576K
}
Event: 3.849 GC heap after
{Heap after GC invocations=7 (full 1):
 PSYoungGen      total 27136K, used 2370K [0x00000000eab00000, 0x00000000ec900000, 0x0000000100000000)
  eden space 24576K, 0% used [0x00000000eab00000,0x00000000eab00000,0x00000000ec300000)
  from space 2560K, 92% used [0x00000000ec600000,0x00000000ec850aa0,0x00000000ec880000)
  to   space 3072K, 0% used [0x00000000ec300000,0x00000000ec300000,0x00000000ec600000)
 ParOldGen       total 68608K, used 6862K [0x00000000c0000000, 0x00000000c4300000, 0x00000000eab00000)
  object space 68608K, 10% used [0x00000000c0000000,0x00000000c06b39a0,0x00000000c4300000)
 Metaspace       used 26738K, committed 27200K, reserved 1114112K
  class space    used 2577K, committed 2816K, reserved 1048576K
}
Event: 5.027 GC heap before
{Heap before GC invocations=8 (full 1):
 PSYoungGen      total 27136K, used 26946K [0x00000000eab00000, 0x00000000ec900000, 0x0000000100000000)
  eden space 24576K, 100% used [0x00000000eab00000,0x00000000ec300000,0x00000000ec300000)
  from space 2560K, 92% used [0x00000000ec600000,0x00000000ec850aa0,0x00000000ec880000)
  to   space 3072K, 0% used [0x00000000ec300000,0x00000000ec300000,0x00000000ec600000)
 ParOldGen       total 68608K, used 6862K [0x00000000c0000000, 0x00000000c4300000, 0x00000000eab00000)
  object space 68608K, 10% used [0x00000000c0000000,0x00000000c06b39a0,0x00000000c4300000)
 Metaspace       used 30465K, committed 31040K, reserved 1114112K
  class space    used 2930K, committed 3200K, reserved 1048576K
}
Event: 5.031 GC heap after
{Heap after GC invocations=8 (full 1):
 PSYoungGen      total 27136K, used 3043K [0x00000000eab00000, 0x00000000ecb80000, 0x0000000100000000)
  eden space 24064K, 0% used [0x00000000eab00000,0x00000000eab00000,0x00000000ec280000)
  from space 3072K, 99% used [0x00000000ec300000,0x00000000ec5f8f38,0x00000000ec600000)
  to   space 4608K, 0% used [0x00000000ec700000,0x00000000ec700000,0x00000000ecb80000)
 ParOldGen       total 68608K, used 8026K [0x00000000c0000000, 0x00000000c4300000, 0x00000000eab00000)
  object space 68608K, 11% used [0x00000000c0000000,0x00000000c07d6ab0,0x00000000c4300000)
 Metaspace       used 30465K, committed 31040K, reserved 1114112K
  class space    used 2930K, committed 3200K, reserved 1048576K
}
Event: 5.874 GC heap before
{Heap before GC invocations=9 (full 1):
 PSYoungGen      total 27136K, used 27107K [0x00000000eab00000, 0x00000000ecb80000, 0x0000000100000000)
  eden space 24064K, 100% used [0x00000000eab00000,0x00000000ec280000,0x00000000ec280000)
  from space 3072K, 99% used [0x00000000ec300000,0x00000000ec5f8f38,0x00000000ec600000)
  to   space 4608K, 0% used [0x00000000ec700000,0x00000000ec700000,0x00000000ecb80000)
 ParOldGen       total 68608K, used 8026K [0x00000000c0000000, 0x00000000c4300000, 0x00000000eab00000)
  object space 68608K, 11% used [0x00000000c0000000,0x00000000c07d6ab0,0x00000000c4300000)
 Metaspace       used 34271K, committed 35008K, reserved 1114112K
  class space    used 3402K, committed 3712K, reserved 1048576K
}
Event: 5.879 GC heap after
{Heap after GC invocations=9 (full 1):
 PSYoungGen      total 28160K, used 4589K [0x00000000eab00000, 0x00000000ecc00000, 0x0000000100000000)
  eden space 23552K, 0% used [0x00000000eab00000,0x00000000eab00000,0x00000000ec200000)
  from space 4608K, 99% used [0x00000000ec700000,0x00000000ecb7b7b0,0x00000000ecb80000)
  to   space 5120K, 0% used [0x00000000ec200000,0x00000000ec200000,0x00000000ec700000)
 ParOldGen       total 68608K, used 8338K [0x00000000c0000000, 0x00000000c4300000, 0x00000000eab00000)
  object space 68608K, 12% used [0x00000000c0000000,0x00000000c0824ab0,0x00000000c4300000)
 Metaspace       used 34271K, committed 35008K, reserved 1114112K
  class space    used 3402K, committed 3712K, reserved 1048576K
}
Event: 6.224 GC heap before
{Heap before GC invocations=10 (full 1):
 PSYoungGen      total 28160K, used 11804K [0x00000000eab00000, 0x00000000ecc00000, 0x0000000100000000)
  eden space 23552K, 30% used [0x00000000eab00000,0x00000000eb20ba60,0x00000000ec200000)
  from space 4608K, 99% used [0x00000000ec700000,0x00000000ecb7b7b0,0x00000000ecb80000)
  to   space 5120K, 0% used [0x00000000ec200000,0x00000000ec200000,0x00000000ec700000)
 ParOldGen       total 68608K, used 8338K [0x00000000c0000000, 0x00000000c4300000, 0x00000000eab00000)
  object space 68608K, 12% used [0x00000000c0000000,0x00000000c0824ab0,0x00000000c4300000)
 Metaspace       used 35292K, committed 35840K, reserved 1114112K
  class space    used 3535K, committed 3776K, reserved 1048576K
}
Event: 6.228 GC heap after
{Heap after GC invocations=10 (full 1):
 PSYoungGen      total 27648K, used 3797K [0x00000000eab00000, 0x00000000ecb00000, 0x0000000100000000)
  eden space 23552K, 0% used [0x00000000eab00000,0x00000000eab00000,0x00000000ec200000)
  from space 4096K, 92% used [0x00000000ec200000,0x00000000ec5b5780,0x00000000ec600000)
  to   space 4608K, 0% used [0x00000000ec680000,0x00000000ec680000,0x00000000ecb00000)
 ParOldGen       total 68608K, used 9606K [0x00000000c0000000, 0x00000000c4300000, 0x00000000eab00000)
  object space 68608K, 14% used [0x00000000c0000000,0x00000000c0961ba8,0x00000000c4300000)
 Metaspace       used 35292K, committed 35840K, reserved 1114112K
  class space    used 3535K, committed 3776K, reserved 1048576K
}
Event: 6.228 GC heap before
{Heap before GC invocations=11 (full 2):
 PSYoungGen      total 27648K, used 3797K [0x00000000eab00000, 0x00000000ecb00000, 0x0000000100000000)
  eden space 23552K, 0% used [0x00000000eab00000,0x00000000eab00000,0x00000000ec200000)
  from space 4096K, 92% used [0x00000000ec200000,0x00000000ec5b5780,0x00000000ec600000)
  to   space 4608K, 0% used [0x00000000ec680000,0x00000000ec680000,0x00000000ecb00000)
 ParOldGen       total 68608K, used 9606K [0x00000000c0000000, 0x00000000c4300000, 0x00000000eab00000)
  object space 68608K, 14% used [0x00000000c0000000,0x00000000c0961ba8,0x00000000c4300000)
 Metaspace       used 35292K, committed 35840K, reserved 1114112K
  class space    used 3535K, committed 3776K, reserved 1048576K
}
Event: 6.256 GC heap after
{Heap after GC invocations=11 (full 2):
 PSYoungGen      total 27648K, used 0K [0x00000000eab00000, 0x00000000ecb00000, 0x0000000100000000)
  eden space 23552K, 0% used [0x00000000eab00000,0x00000000eab00000,0x00000000ec200000)
  from space 4096K, 0% used [0x00000000ec200000,0x00000000ec200000,0x00000000ec600000)
  to   space 4608K, 0% used [0x00000000ec680000,0x00000000ec680000,0x00000000ecb00000)
 ParOldGen       total 68608K, used 12367K [0x00000000c0000000, 0x00000000c4300000, 0x00000000eab00000)
  object space 68608K, 18% used [0x00000000c0000000,0x00000000c0c13cd8,0x00000000c4300000)
 Metaspace       used 35292K, committed 35840K, reserved 1114112K
  class space    used 3535K, committed 3776K, reserved 1048576K
}
Event: 6.919 GC heap before
{Heap before GC invocations=12 (full 2):
 PSYoungGen      total 27648K, used 23552K [0x00000000eab00000, 0x00000000ecb00000, 0x0000000100000000)
  eden space 23552K, 100% used [0x00000000eab00000,0x00000000ec200000,0x00000000ec200000)
  from space 4096K, 0% used [0x00000000ec200000,0x00000000ec200000,0x00000000ec600000)
  to   space 4608K, 0% used [0x00000000ec680000,0x00000000ec680000,0x00000000ecb00000)
 ParOldGen       total 68608K, used 12367K [0x00000000c0000000, 0x00000000c4300000, 0x00000000eab00000)
  object space 68608K, 18% used [0x00000000c0000000,0x00000000c0c13cd8,0x00000000c4300000)
 Metaspace       used 37294K, committed 38080K, reserved 1114112K
  class space    used 3766K, committed 4096K, reserved 1048576K
}
Event: 6.923 GC heap after
{Heap after GC invocations=12 (full 2):
 PSYoungGen      total 25600K, used 2211K [0x00000000eab00000, 0x00000000ec900000, 0x0000000100000000)
  eden space 23040K, 0% used [0x00000000eab00000,0x00000000eab00000,0x00000000ec180000)
  from space 2560K, 86% used [0x00000000ec680000,0x00000000ec8a8f50,0x00000000ec900000)
  to   space 3072K, 0% used [0x00000000ec300000,0x00000000ec300000,0x00000000ec600000)
 ParOldGen       total 68608K, used 12375K [0x00000000c0000000, 0x00000000c4300000, 0x00000000eab00000)
  object space 68608K, 18% used [0x00000000c0000000,0x00000000c0c15cd8,0x00000000c4300000)
 Metaspace       used 37294K, committed 38080K, reserved 1114112K
  class space    used 3766K, committed 4096K, reserved 1048576K
}

Dll operation events (10 events):
Event: 0.010 Loaded shared library c:\Users\ad\.vscode\extensions\redhat.java-1.30.0-win32-x64\jre\17.0.10-win32-x86_64\bin\java.dll
Event: 0.292 Loaded shared library c:\Users\ad\.vscode\extensions\redhat.java-1.30.0-win32-x64\jre\17.0.10-win32-x86_64\bin\zip.dll
Event: 0.297 Loaded shared library C:\Users\ad\.vscode\extensions\redhat.java-1.30.0-win32-x64\jre\17.0.10-win32-x86_64\bin\instrument.dll
Event: 0.316 Loaded shared library C:\Users\ad\.vscode\extensions\redhat.java-1.30.0-win32-x64\jre\17.0.10-win32-x86_64\bin\net.dll
Event: 0.319 Loaded shared library C:\Users\ad\.vscode\extensions\redhat.java-1.30.0-win32-x64\jre\17.0.10-win32-x86_64\bin\nio.dll
Event: 0.337 Loaded shared library C:\Users\ad\.vscode\extensions\redhat.java-1.30.0-win32-x64\jre\17.0.10-win32-x86_64\bin\zip.dll
Event: 0.363 Loaded shared library C:\Users\ad\.vscode\extensions\redhat.java-1.30.0-win32-x64\jre\17.0.10-win32-x86_64\bin\jimage.dll
Event: 0.436 Loaded shared library c:\Users\ad\.vscode\extensions\redhat.java-1.30.0-win32-x64\jre\17.0.10-win32-x86_64\bin\verify.dll
Event: 1.946 Loaded shared library C:\Users\ad\AppData\Roaming\Code\User\globalStorage\redhat.java\1.30.0\config_ss_win\org.eclipse.equinox.launcher\org.eclipse.equinox.launcher.win32.win32.x86_64_1.2.900.v20240213-1244\eclipse_11900.dll
Event: 5.489 Loaded shared library C:\Users\ad\AppData\Local\Temp\jna-3107\jna3838905777514909382.dll

Deoptimization events (20 events):
Event: 6.889 Thread 0x00000242801b6590 DEOPT PACKING pc=0x00000242e88df770 sp=0x00000047809fdcd0
Event: 6.899 Thread 0x00000242801b6590 DEOPT UNPACKING pc=0x00000242ef7a6e43 sp=0x00000047809fd1e0 mode 0
Event: 6.901 Thread 0x00000242801b6590 DEOPT PACKING pc=0x00000242e88df770 sp=0x00000047809fdcd0
Event: 6.901 Thread 0x00000242801b6590 DEOPT UNPACKING pc=0x00000242ef7a6e43 sp=0x00000047809fd1e0 mode 0
Event: 6.905 Thread 0x00000242801b6590 DEOPT PACKING pc=0x00000242e88df770 sp=0x00000047809fdcd0
Event: 6.905 Thread 0x00000242801b6590 DEOPT UNPACKING pc=0x00000242ef7a6e43 sp=0x00000047809fd1e0 mode 0
Event: 6.974 Thread 0x00000242801b6590 Uncommon trap: trap_request=0xffffffc6 fr.pc=0x00000242efe75738 relative=0x0000000000000658
Event: 6.974 Thread 0x00000242801b6590 Uncommon trap: reason=bimorphic_or_optimized_type_check action=maybe_recompile pc=0x00000242efe75738 method=jdk.internal.jimage.ImageReader$SharedImageReader.findNode(Ljava/lang/String;)Ljdk/internal/jimage/ImageReader$Node; @ 22 c2
Event: 6.974 Thread 0x00000242801b6590 DEOPT PACKING pc=0x00000242efe75738 sp=0x00000047809fdc20
Event: 6.974 Thread 0x00000242801b6590 DEOPT UNPACKING pc=0x00000242ef7a66a3 sp=0x00000047809fdc38 mode 2
Event: 6.974 Thread 0x00000242801b6590 Uncommon trap: trap_request=0xffffff45 fr.pc=0x00000242efe787f8 relative=0x0000000000003718
Event: 6.974 Thread 0x00000242801b6590 Uncommon trap: reason=unstable_if action=reinterpret pc=0x00000242efe787f8 method=jdk.internal.jimage.ImageReader$SharedImageReader.findNode(Ljava/lang/String;)Ljdk/internal/jimage/ImageReader$Node; @ 25 c2
Event: 6.974 Thread 0x00000242801b6590 DEOPT PACKING pc=0x00000242efe787f8 sp=0x00000047809fdc20
Event: 6.975 Thread 0x00000242801b6590 DEOPT UNPACKING pc=0x00000242ef7a66a3 sp=0x00000047809fdc38 mode 2
Event: 6.982 Thread 0x00000242801b6590 Uncommon trap: trap_request=0xffffff6e fr.pc=0x00000242efe7c6b4 relative=0x0000000000000214
Event: 6.982 Thread 0x00000242801b6590 Uncommon trap: reason=loop_limit_check action=maybe_recompile pc=0x00000242efe7c6b4 method=org.eclipse.jdt.internal.core.util.HashtableOfArrayToObject.hashCode([Ljava/lang/Object;I)I @ 27 c2
Event: 6.982 Thread 0x00000242801b6590 DEOPT PACKING pc=0x00000242efe7c6b4 sp=0x00000047809fdc60
Event: 6.982 Thread 0x00000242801b6590 DEOPT UNPACKING pc=0x00000242ef7a66a3 sp=0x00000047809fdbe8 mode 2
Event: 7.033 Thread 0x00000242801b6590 DEOPT PACKING pc=0x00000242e86e259e sp=0x00000047809fbee0
Event: 7.033 Thread 0x00000242801b6590 DEOPT UNPACKING pc=0x00000242ef7a6e43 sp=0x00000047809fb3d8 mode 0

Classes unloaded (7 events):
Event: 2.994 Thread 0x00000242fe690c20 Unloading class 0x0000000100222400 'java/lang/invoke/LambdaForm$MH+0x0000000100222400'
Event: 2.994 Thread 0x00000242fe690c20 Unloading class 0x0000000100222000 'java/lang/invoke/LambdaForm$MH+0x0000000100222000'
Event: 2.994 Thread 0x00000242fe690c20 Unloading class 0x0000000100221c00 'java/lang/invoke/LambdaForm$MH+0x0000000100221c00'
Event: 2.994 Thread 0x00000242fe690c20 Unloading class 0x0000000100221800 'java/lang/invoke/LambdaForm$MH+0x0000000100221800'
Event: 2.994 Thread 0x00000242fe690c20 Unloading class 0x0000000100221400 'java/lang/invoke/LambdaForm$BMH+0x0000000100221400'
Event: 2.994 Thread 0x00000242fe690c20 Unloading class 0x0000000100221000 'java/lang/invoke/LambdaForm$DMH+0x0000000100221000'
Event: 2.994 Thread 0x00000242fe690c20 Unloading class 0x000000010021c400 'java/lang/invoke/LambdaForm$DMH+0x000000010021c400'

Classes redefined (0 events):
No events

Internal exceptions (20 events):
Event: 5.525 Thread 0x00000242800fcf30 Exception <a 'java/lang/UnsatisfiedLinkError'{0x00000000eb5e8d40}: The specified procedure could not be found.
> (0x00000000eb5e8d40) 
thrown [s\src\hotspot\share\prims\jni.cpp, line 535]
Event: 5.531 Thread 0x00000242800fcf30 Exception <a 'java/io/FileNotFoundException'{0x00000000eb60ec40}> (0x00000000eb60ec40) 
thrown [s\src\hotspot\share\prims\jni.cpp, line 516]
Event: 5.540 Thread 0x00000242800fcf30 Exception <a 'java/io/FileNotFoundException'{0x00000000eb68b428}> (0x00000000eb68b428) 
thrown [s\src\hotspot\share\prims\jni.cpp, line 516]
Event: 5.553 Thread 0x00000242800fcf30 Exception <a 'java/lang/UnsatisfiedLinkError'{0x00000000eb71ded8}: The specified procedure could not be found.
> (0x00000000eb71ded8) 
thrown [s\src\hotspot\share\prims\jni.cpp, line 535]
Event: 5.607 Thread 0x00000242e5584a90 Exception <a 'java/lang/NoSuchMethodError'{0x00000000eb915ef8}: 'java.lang.Object java.lang.invoke.DirectMethodHandle$Holder.invokeStatic(java.lang.Object, java.lang.Object, long, java.lang.Object)'> (0x00000000eb915ef8) 
thrown [s\src\hotspot\share\interpreter\linkResolver.cpp, line 759]
Event: 5.608 Thread 0x00000242e5584a90 Exception <a 'java/lang/NoSuchMethodError'{0x00000000eb919d30}: 'java.lang.Object java.lang.invoke.DirectMethodHandle$Holder.invokeStaticInit(java.lang.Object, java.lang.Object, long, java.lang.Object)'> (0x00000000eb919d30) 
thrown [s\src\hotspot\share\interpreter\linkResolver.cpp, line 759]
Event: 5.608 Thread 0x00000242e5584a90 Exception <a 'java/lang/NoSuchMethodError'{0x00000000eb920340}: 'java.lang.Object java.lang.invoke.DirectMethodHandle$Holder.newInvokeSpecial(java.lang.Object, java.lang.Object, long)'> (0x00000000eb920340) 
thrown [s\src\hotspot\share\interpreter\linkResolver.cpp, line 759]
Event: 5.689 Thread 0x00000242e5584a90 Exception <a 'java/lang/NoSuchMethodError'{0x00000000ebc1fbb8}: 'void java.lang.invoke.DirectMethodHandle$Holder.invokeStatic(java.lang.Object, java.lang.Object, java.lang.Object, java.lang.Object)'> (0x00000000ebc1fbb8) 
thrown [s\src\hotspot\share\interpreter\linkResolver.cpp, line 759]
Event: 5.955 Thread 0x00000242e5584a90 Exception <a 'java/lang/NoSuchMethodError'{0x00000000ead74ef8}: 'void java.lang.invoke.DirectMethodHandle$Holder.invokeSpecial(java.lang.Object, java.lang.Object, java.lang.Object, java.lang.Object, java.lang.Object, java.lang.Object)'> (0x00000000ead74ef8) 
thrown [s\src\hotspot\share\interpreter\linkResolver.cpp, line 759]
Event: 5.957 Thread 0x00000242e5584a90 Exception <a 'java/lang/IncompatibleClassChangeError'{0x00000000ead7e7a8}: Found class java.lang.Object, but interface was expected> (0x00000000ead7e7a8) 
thrown [s\src\hotspot\share\interpreter\linkResolver.cpp, line 826]
Event: 6.342 Thread 0x00000242819b4fa0 Exception <a 'java/io/FileNotFoundException'{0x00000000eac5e208}> (0x00000000eac5e208) 
thrown [s\src\hotspot\share\prims\jni.cpp, line 516]
Event: 6.390 Thread 0x00000242819b4fa0 Exception <a 'sun/nio/fs/WindowsException'{0x00000000eadd5f48}> (0x00000000eadd5f48) 
thrown [s\src\hotspot\share\prims\jni.cpp, line 516]
Event: 6.397 Thread 0x00000242801b6590 Exception <a 'java/io/FileNotFoundException'{0x00000000eae07950}> (0x00000000eae07950) 
thrown [s\src\hotspot\share\prims\jni.cpp, line 516]
Event: 6.399 Thread 0x00000242801b6590 Exception <a 'java/io/FileNotFoundException'{0x00000000eae08920}> (0x00000000eae08920) 
thrown [s\src\hotspot\share\prims\jni.cpp, line 516]
Event: 6.399 Thread 0x00000242801b6590 Exception <a 'java/io/FileNotFoundException'{0x00000000eae09660}> (0x00000000eae09660) 
thrown [s\src\hotspot\share\prims\jni.cpp, line 516]
Event: 6.506 Thread 0x00000242801b6590 Exception <a 'java/lang/NoSuchMethodError'{0x00000000eb24e010}: 'java.lang.Object java.lang.invoke.Invokers$Holder.invoke_MT(java.lang.Object, java.lang.Object, java.lang.Object)'> (0x00000000eb24e010) 
thrown [s\src\hotspot\share\interpreter\linkResolver.cpp, line 759]
Event: 6.519 Thread 0x00000242819b4fa0 Exception <a 'java/lang/NoSuchMethodError'{0x00000000eb2ba7c0}: 'int java.lang.invoke.DirectMethodHandle$Holder.invokeVirtual(java.lang.Object, java.lang.Object)'> (0x00000000eb2ba7c0) 
thrown [s\src\hotspot\share\interpreter\linkResolver.cpp, line 759]
Event: 7.020 Thread 0x00000242801b6590 Exception <a 'java/io/FileNotFoundException'{0x00000000eb52cee8}> (0x00000000eb52cee8) 
thrown [s\src\hotspot\share\prims\jni.cpp, line 516]
Event: 7.021 Thread 0x00000242801b6590 Exception <a 'java/io/FileNotFoundException'{0x00000000eb52e3f8}> (0x00000000eb52e3f8) 
thrown [s\src\hotspot\share\prims\jni.cpp, line 516]
Event: 7.023 Thread 0x00000242801b6590 Exception <a 'java/lang/NoSuchMethodError'{0x00000000eb5401a8}: 'void java.lang.invoke.DirectMethodHandle$Holder.invokeStaticInit(java.lang.Object, java.lang.Object, java.lang.Object)'> (0x00000000eb5401a8) 
thrown [s\src\hotspot\share\interpreter\linkResolver.cpp, line 759]

VM Operations (20 events):
Event: 5.136 Executing VM operation: HandshakeAllThreads
Event: 5.136 Executing VM operation: HandshakeAllThreads done
Event: 5.508 Executing VM operation: HandshakeAllThreads
Event: 5.508 Executing VM operation: HandshakeAllThreads done
Event: 5.874 Executing VM operation: ParallelGCFailedAllocation
Event: 5.879 Executing VM operation: ParallelGCFailedAllocation done
Event: 6.224 Executing VM operation: CollectForMetadataAllocation
Event: 6.257 Executing VM operation: CollectForMetadataAllocation done
Event: 6.443 Executing VM operation: HandshakeAllThreads
Event: 6.443 Executing VM operation: HandshakeAllThreads done
Event: 6.560 Executing VM operation: HandshakeAllThreads
Event: 6.560 Executing VM operation: HandshakeAllThreads done
Event: 6.560 Executing VM operation: HandshakeAllThreads
Event: 6.560 Executing VM operation: HandshakeAllThreads done
Event: 6.560 Executing VM operation: HandshakeAllThreads
Event: 6.560 Executing VM operation: HandshakeAllThreads done
Event: 6.831 Executing VM operation: HandshakeAllThreads
Event: 6.831 Executing VM operation: HandshakeAllThreads done
Event: 6.919 Executing VM operation: ParallelGCFailedAllocation
Event: 6.923 Executing VM operation: ParallelGCFailedAllocation done

Events (20 events):
Event: 6.561 loading class jdk/internal/jimage/ImageReader$Directory done
Event: 6.593 Thread 0x0000024280dbf930 Thread added: 0x0000024280dbf930
Event: 6.623 loading class java/nio/file/FileTreeWalker$DirectoryNode
Event: 6.623 loading class java/nio/file/FileTreeWalker$DirectoryNode done
Event: 6.623 loading class java/nio/file/FileTreeWalker$Event
Event: 6.624 loading class java/nio/file/FileTreeWalker$Event done
Event: 6.624 loading class java/nio/file/FileTreeWalker$EventType
Event: 6.624 loading class java/nio/file/FileTreeWalker$EventType done
Event: 6.624 loading class java/nio/file/Files$3
Event: 6.625 loading class java/nio/file/Files$3 done
Event: 6.625 loading class java/nio/file/FileVisitResult
Event: 6.625 loading class java/nio/file/FileVisitResult done
Event: 6.762 loading class java/util/regex/Pattern$BackRef
Event: 6.762 loading class java/util/regex/Pattern$BackRef done
Event: 6.831 loading class java/nio/channels/Channels$ReadableByteChannelImpl
Event: 6.831 loading class java/nio/channels/Channels$ReadableByteChannelImpl done
Event: 6.832 loading class java/nio/channels/NonWritableChannelException
Event: 6.832 loading class java/nio/channels/NonWritableChannelException done
Event: 6.832 loading class sun/nio/ch/ChannelInputStream
Event: 6.833 loading class sun/nio/ch/ChannelInputStream done


Dynamic libraries:
0x00007ff76d600000 - 0x00007ff76d60e000 	c:\Users\ad\.vscode\extensions\redhat.java-1.30.0-win32-x64\jre\17.0.10-win32-x86_64\bin\java.exe
0x00007ffa036d0000 - 0x00007ffa038c8000 	C:\Windows\SYSTEM32\ntdll.dll
0x00007ffa01c00000 - 0x00007ffa01cbd000 	C:\Windows\System32\KERNEL32.DLL
0x00007ffa013d0000 - 0x00007ffa016c6000 	C:\Windows\System32\KERNELBASE.dll
0x00007ffa012d0000 - 0x00007ffa013d0000 	C:\Windows\System32\ucrtbase.dll
0x00007ff9f7860000 - 0x00007ff9f787b000 	c:\Users\ad\.vscode\extensions\redhat.java-1.30.0-win32-x64\jre\17.0.10-win32-x86_64\bin\VCRUNTIME140.dll
0x00007ff9ef510000 - 0x00007ff9ef527000 	c:\Users\ad\.vscode\extensions\redhat.java-1.30.0-win32-x64\jre\17.0.10-win32-x86_64\bin\jli.dll
0x00007ffa01dc0000 - 0x00007ffa01f5f000 	C:\Windows\System32\USER32.dll
0x00007ff9ea150000 - 0x00007ff9ea3ea000 	C:\Windows\WinSxS\amd64_microsoft.windows.common-controls_6595b64144ccf1df_6.0.19041.3636_none_60b6a03d71f818d5\COMCTL32.dll
0x00007ffa016d0000 - 0x00007ffa016f2000 	C:\Windows\System32\win32u.dll
0x00007ffa02a70000 - 0x00007ffa02a9b000 	C:\Windows\System32\GDI32.dll
0x00007ffa027f0000 - 0x00007ffa0288e000 	C:\Windows\System32\msvcrt.dll
0x00007ffa01060000 - 0x00007ffa01177000 	C:\Windows\System32\gdi32full.dll
0x00007ffa00d80000 - 0x00007ffa00e1d000 	C:\Windows\System32\msvcp_win.dll
0x00007ffa01d20000 - 0x00007ffa01d52000 	C:\Windows\System32\IMM32.DLL
0x00007ff9fc210000 - 0x00007ff9fc21c000 	c:\Users\ad\.vscode\extensions\redhat.java-1.30.0-win32-x64\jre\17.0.10-win32-x86_64\bin\vcruntime140_1.dll
0x00007ff9c3f60000 - 0x00007ff9c3fed000 	c:\Users\ad\.vscode\extensions\redhat.java-1.30.0-win32-x64\jre\17.0.10-win32-x86_64\bin\msvcp140.dll
0x00007ff9ae830000 - 0x00007ff9af492000 	c:\Users\ad\.vscode\extensions\redhat.java-1.30.0-win32-x64\jre\17.0.10-win32-x86_64\bin\server\jvm.dll
0x00007ffa02890000 - 0x00007ffa02940000 	C:\Windows\System32\ADVAPI32.dll
0x00007ffa02d40000 - 0x00007ffa02de0000 	C:\Windows\System32\sechost.dll
0x00007ffa02940000 - 0x00007ffa02a63000 	C:\Windows\System32\RPCRT4.dll
0x00007ffa01180000 - 0x00007ffa011a7000 	C:\Windows\System32\bcrypt.dll
0x00007ffa00c60000 - 0x00007ffa00cab000 	C:\Windows\SYSTEM32\POWRPROF.dll
0x00007ff9f0610000 - 0x00007ff9f0619000 	C:\Windows\SYSTEM32\WSOCK32.dll
0x00007ff9e7020000 - 0x00007ff9e7047000 	C:\Windows\SYSTEM32\WINMM.dll
0x00007ff9fa840000 - 0x00007ff9fa84a000 	C:\Windows\SYSTEM32\VERSION.dll
0x00007ffa02de0000 - 0x00007ffa02e4b000 	C:\Windows\System32\WS2_32.dll
0x00007ffa00c40000 - 0x00007ffa00c52000 	C:\Windows\SYSTEM32\UMPDC.dll
0x00007ff9ff5f0000 - 0x00007ff9ff602000 	C:\Windows\SYSTEM32\kernel.appcore.dll
0x00007ff9fb420000 - 0x00007ff9fb42a000 	c:\Users\ad\.vscode\extensions\redhat.java-1.30.0-win32-x64\jre\17.0.10-win32-x86_64\bin\jimage.dll
0x00007ff9feb00000 - 0x00007ff9fece4000 	C:\Windows\SYSTEM32\DBGHELP.DLL
0x00007ff9ed6e0000 - 0x00007ff9ed714000 	C:\Windows\SYSTEM32\dbgcore.DLL
0x00007ffa00e20000 - 0x00007ffa00ea2000 	C:\Windows\System32\bcryptPrimitives.dll
0x00007ff9fafa0000 - 0x00007ff9fafae000 	c:\Users\ad\.vscode\extensions\redhat.java-1.30.0-win32-x64\jre\17.0.10-win32-x86_64\bin\instrument.dll
0x00007ff9ef490000 - 0x00007ff9ef4b5000 	c:\Users\ad\.vscode\extensions\redhat.java-1.30.0-win32-x64\jre\17.0.10-win32-x86_64\bin\java.dll
0x00007ff9dc7f0000 - 0x00007ff9dc808000 	c:\Users\ad\.vscode\extensions\redhat.java-1.30.0-win32-x64\jre\17.0.10-win32-x86_64\bin\zip.dll
0x00007ffa02f20000 - 0x00007ffa0368b000 	C:\Windows\System32\SHELL32.dll
0x00007ff9fedf0000 - 0x00007ff9ff58e000 	C:\Windows\SYSTEM32\windows.storage.dll
0x00007ffa01f60000 - 0x00007ffa022b3000 	C:\Windows\System32\combase.dll
0x00007ffa006e0000 - 0x00007ffa0070e000 	C:\Windows\SYSTEM32\Wldp.dll
0x00007ffa02e50000 - 0x00007ffa02f1d000 	C:\Windows\System32\OLEAUT32.dll
0x00007ffa02730000 - 0x00007ffa027dd000 	C:\Windows\System32\SHCORE.dll
0x00007ffa01d60000 - 0x00007ffa01db5000 	C:\Windows\System32\shlwapi.dll
0x00007ffa00cb0000 - 0x00007ffa00cd3000 	C:\Windows\SYSTEM32\profapi.dll
0x00007ff9d8d70000 - 0x00007ff9d8d89000 	C:\Users\ad\.vscode\extensions\redhat.java-1.30.0-win32-x64\jre\17.0.10-win32-x86_64\bin\net.dll
0x00007ff9f9030000 - 0x00007ff9f913a000 	C:\Windows\SYSTEM32\WINHTTP.dll
0x00007ffa00440000 - 0x00007ffa004aa000 	C:\Windows\system32\mswsock.dll
0x00007ff9d7ec0000 - 0x00007ff9d7ed6000 	C:\Users\ad\.vscode\extensions\redhat.java-1.30.0-win32-x64\jre\17.0.10-win32-x86_64\bin\nio.dll
0x00007ff9faef0000 - 0x00007ff9faf00000 	c:\Users\ad\.vscode\extensions\redhat.java-1.30.0-win32-x64\jre\17.0.10-win32-x86_64\bin\verify.dll
0x00007ff9d8a50000 - 0x00007ff9d8a8e000 	C:\Users\ad\AppData\Roaming\Code\User\globalStorage\redhat.java\1.30.0\config_ss_win\org.eclipse.equinox.launcher\org.eclipse.equinox.launcher.win32.win32.x86_64_1.2.900.v20240213-1244\eclipse_11900.dll
0x00007ffa01700000 - 0x00007ffa0182b000 	C:\Windows\System32\ole32.dll
0x00007ffa00640000 - 0x00007ffa00658000 	C:\Windows\SYSTEM32\CRYPTSP.dll
0x00007ff9ffd60000 - 0x00007ff9ffd94000 	C:\Windows\system32\rsaenh.dll
0x00007ffa00bc0000 - 0x00007ffa00bee000 	C:\Windows\SYSTEM32\USERENV.dll
0x00007ffa00630000 - 0x00007ffa0063c000 	C:\Windows\SYSTEM32\CRYPTBASE.dll
0x00007ffa00120000 - 0x00007ffa0015b000 	C:\Windows\SYSTEM32\IPHLPAPI.DLL
0x00007ffa02bc0000 - 0x00007ffa02bc8000 	C:\Windows\System32\NSI.dll
0x00007ff9f9c30000 - 0x00007ff9f9c47000 	C:\Windows\SYSTEM32\dhcpcsvc6.DLL
0x00007ff9fa0e0000 - 0x00007ff9fa0fd000 	C:\Windows\SYSTEM32\dhcpcsvc.DLL
0x00007ffa00160000 - 0x00007ffa0022b000 	C:\Windows\SYSTEM32\DNSAPI.dll
0x00007ff9cb480000 - 0x00007ff9cb4c5000 	C:\Users\ad\AppData\Local\Temp\jna-3107\jna3838905777514909382.dll
0x00007ffa027e0000 - 0x00007ffa027e8000 	C:\Windows\System32\PSAPI.DLL

dbghelp: loaded successfully - version: 4.0.5 - missing functions: none
symbol engine: initialized successfully - sym options: 0x614 - pdb path: .;c:\Users\ad\.vscode\extensions\redhat.java-1.30.0-win32-x64\jre\17.0.10-win32-x86_64\bin;C:\Windows\SYSTEM32;C:\Windows\WinSxS\amd64_microsoft.windows.common-controls_6595b64144ccf1df_6.0.19041.3636_none_60b6a03d71f818d5;c:\Users\ad\.vscode\extensions\redhat.java-1.30.0-win32-x64\jre\17.0.10-win32-x86_64\bin\server;C:\Users\ad\AppData\Roaming\Code\User\globalStorage\redhat.java\1.30.0\config_ss_win\org.eclipse.equinox.launcher\org.eclipse.equinox.launcher.win32.win32.x86_64_1.2.900.v20240213-1244;C:\Users\ad\AppData\Local\Temp\jna-3107

VM Arguments:
jvm_args: --add-modules=ALL-SYSTEM --add-opens=java.base/java.util=ALL-UNNAMED --add-opens=java.base/java.lang=ALL-UNNAMED --add-opens=java.base/sun.nio.fs=ALL-UNNAMED -Declipse.application=org.eclipse.jdt.ls.core.id1 -Dosgi.bundles.defaultStartLevel=4 -Declipse.product=org.eclipse.jdt.ls.core.product -Djava.import.generatesMetadataFilesAtProjectRoot=false -DDetectVMInstallationsJob.disabled=true -Dfile.encoding=utf8 -XX:+UseParallelGC -XX:GCTimeRatio=4 -XX:AdaptiveSizePolicyWeight=90 -Dsun.zip.disableMemoryMapping=true -Xmx1G -Xms100m -Xlog:disable -javaagent:c:\Users\ad\.vscode\extensions\redhat.java-1.30.0-win32-x64\lombok\lombok-1.18.32.jar 
java_command: c:\Users\ad\.vscode\extensions\redhat.java-1.30.0-win32-x64\server\plugins\org.eclipse.equinox.launcher_1.6.800.v20240330-1250.jar -configuration c:\Users\ad\AppData\Roaming\Code\User\globalStorage\redhat.java\1.30.0\config_ss_win -data c:\Users\ad\AppData\Roaming\Code\User\workspaceStorage\5141195cbf08ab991431c901b3b18a4e\redhat.java\ss_ws --pipe=\\.\pipe\lsp-f6677f91585aa50f76017a7f843e9b7f-sock
java_class_path (initial): c:\Users\ad\.vscode\extensions\redhat.java-1.30.0-win32-x64\server\plugins\org.eclipse.equinox.launcher_1.6.800.v20240330-1250.jar
Launcher Type: SUN_STANDARD

[Global flags]
    uintx AdaptiveSizePolicyWeight                 = 90                                        {product} {command line}
     intx CICompilerCount                          = 4                                         {product} {ergonomic}
    uintx GCTimeRatio                              = 4                                         {product} {command line}
   size_t InitialHeapSize                          = 104857600                                 {product} {command line}
   size_t MaxHeapSize                              = 1073741824                                {product} {command line}
   size_t MaxNewSize                               = 357564416                                 {product} {ergonomic}
   size_t MinHeapDeltaBytes                        = 524288                                    {product} {ergonomic}
   size_t MinHeapSize                              = 104857600                                 {product} {command line}
   size_t NewSize                                  = 34603008                                  {product} {ergonomic}
    uintx NonNMethodCodeHeapSize                   = 5839372                                {pd product} {ergonomic}
    uintx NonProfiledCodeHeapSize                  = 122909434                              {pd product} {ergonomic}
   size_t OldSize                                  = 70254592                                  {product} {ergonomic}
    uintx ProfiledCodeHeapSize                     = 122909434                              {pd product} {ergonomic}
    uintx ReservedCodeCacheSize                    = 251658240                              {pd product} {ergonomic}
     bool SegmentedCodeCache                       = true                                      {product} {ergonomic}
   size_t SoftMaxHeapSize                          = 1073741824                             {manageable} {ergonomic}
     bool UseCompressedClassPointers               = true                           {product lp64_product} {ergonomic}
     bool UseCompressedOops                        = true                           {product lp64_product} {ergonomic}
     bool UseLargePagesIndividualAllocation        = false                                  {pd product} {ergonomic}
     bool UseParallelGC                            = true                                      {product} {command line}

Logging:
Log output configuration:
 #0: stdout all=off uptime,level,tags
 #1: stderr all=off uptime,level,tags

Environment Variables:
PATH=C:\Program Files (x86)\VMware\VMware Workstation\bin\;C:\Program Files\Common Files\Oracle\Java\javapath;C:\Windows\system32;C:\Windows;C:\Windows\System32\Wbem;C:\Windows\System32\WindowsPowerShell\v1.0\;C:\Windows\System32\OpenSSH\;C:\Program Files\Microsoft SQL Server\Client SDK\ODBC\170\Tools\Binn\;C:\Program Files (x86)\Microsoft SQL Server\150\Tools\Binn\;C:\Program Files\Microsoft SQL Server\150\Tools\Binn\;C:\Program Files\Microsoft SQL Server\150\DTS\Binn\;C:\Program Files\Azure Data Studio\bin;C:\Program Files (x86)\Intel\Intel(R) Management Engine Components\DAL;C:\Program Files\Intel\Intel(R) Management Engine Components\DAL;C:\Program Files\Cloudflare\Cloudflare WARP\;C:\Program Files\dotnet\;C:\MinGW\bin;C:\Program Files\Git\cmd;C:\Program Files (x86)\Microsoft SQL Server\150\DTS\Binn\;C:\Program Files\nodejs\;C:\Program Files\Docker\Docker\resources\bin;C:\Users\ad\AppData\Local\Programs\Python\Python310\Scripts\;C:\Users\ad\AppData\Local\Programs\Python\Python310\;C:\Users\ad\AppData\Local\Microsoft\WindowsApps;C:\VSCode\Microsoft VS Code\bin;C:\Program Files\Azure Data Studio\bin;C:\Program Files\JetBrains\PyCharm Community Edition 2022.2.2\bin;;C:\Program Files\JetBrains\IntelliJ IDEA Community Edition 2023.1.1\bin;;C:\Users\ad\AppData\Roaming\npm;C:\Users\ad\.dotnet\tools;D:\Applications\ffmpeg\ffmpeg\bin;
USERNAME=ad
OS=Windows_NT
PROCESSOR_IDENTIFIER=Intel64 Family 6 Model 142 Stepping 10, GenuineIntel
TMP=C:\Users\ad\AppData\Local\Temp
TEMP=C:\Users\ad\AppData\Local\Temp



Periodic native trim disabled


---------------  S Y S T E M  ---------------

OS:
 Windows 10 , 64 bit Build 19041 (10.0.19041.3636)
OS uptime: 2 days 17:12 hours

CPU: total 8 (initial active 8) (4 cores per cpu, 2 threads per core) family 6 model 142 stepping 10 microcode 0xec, cx8, cmov, fxsr, ht, mmx, 3dnowpref, sse, sse2, sse3, ssse3, sse4.1, sse4.2, popcnt, lzcnt, tsc, tscinvbit, avx, avx2, aes, erms, clmul, bmi1, bmi2, adx, fma, vzeroupper, clflush, clflushopt
Processor Information for all 8 processors :
  Max Mhz: 1800, Current Mhz: 1600, Mhz Limit: 1584

Memory: 4k page, system-wide physical 16248M (509M free)
TotalPageFile size 44787M (AvailPageFile size 8M)
current process WorkingSet (physical memory assigned to process): 160M, peak: 165M
current process commit charge ("private bytes"): 257M, peak: 262M

vm_info: OpenJDK 64-Bit Server VM (17.0.10+7) for windows-amd64 JRE (17.0.10+7), built on Jan 16 2024 23:25:11 by "admin" with MS VC++ 16.10 / 16.11 (VS2019)

END.
