#
# There is insufficient memory for the Java Runtime Environment to continue.
# Native memory allocation (malloc) failed to allocate 422944 bytes for Chunk::new
# Possible reasons:
#   The system is out of physical RAM or swap space
#   The process is running with CompressedOops enabled, and the Java Heap may be blocking the growth of the native heap
# Possible solutions:
#   Reduce memory load on the system
#   Increase physical memory or swap space
#   Check if swap backing store is full
#   Decrease Java heap size (-Xmx/-Xms)
#   Decrease number of Java threads
#   Decrease Java thread stack sizes (-Xss)
#   Set larger code cache with -XX:ReservedCodeCacheSize=
#   JVM is running with Unscaled Compressed Oops mode in which the Java heap is
#     placed in the first 4GB address space. The Java Heap base address is the
#     maximum limit for the native heap growth. Please use -XX:HeapBaseMinAddress
#     to set the Java Heap base and to place the Java Heap above 4GB virtual address.
# This output file may be truncated or incomplete.
#
#  Out of Memory Error (arena.cpp:191), pid=16624, tid=13908
#
# JRE version: OpenJDK Runtime Environment Temurin-17.0.10+7 (17.0.10+7) (build 17.0.10+7)
# Java VM: OpenJDK 64-Bit Server VM Temurin-17.0.10+7 (17.0.10+7, mixed mode, tiered, compressed oops, compressed class ptrs, parallel gc, windows-amd64)
# No core dump will be written. Minidumps are not enabled by default on client versions of Windows
#

---------------  S U M M A R Y ------------

Command Line: --add-modules=ALL-SYSTEM --add-opens=java.base/java.util=ALL-UNNAMED --add-opens=java.base/java.lang=ALL-UNNAMED --add-opens=java.base/sun.nio.fs=ALL-UNNAMED -Declipse.application=org.eclipse.jdt.ls.core.id1 -Dosgi.bundles.defaultStartLevel=4 -Declipse.product=org.eclipse.jdt.ls.core.product -Djava.import.generatesMetadataFilesAtProjectRoot=false -DDetectVMInstallationsJob.disabled=true -Dfile.encoding=utf8 -XX:+UseParallelGC -XX:GCTimeRatio=4 -XX:AdaptiveSizePolicyWeight=90 -Dsun.zip.disableMemoryMapping=true -Xmx1G -Xms100m -Xlog:disable -javaagent:c:\Users\ad\.vscode\extensions\redhat.java-1.30.0-win32-x64\lombok\lombok-1.18.32.jar c:\Users\ad\.vscode\extensions\redhat.java-1.30.0-win32-x64\server\plugins\org.eclipse.equinox.launcher_1.6.800.v20240330-1250.jar -configuration c:\Users\ad\AppData\Roaming\Code\User\globalStorage\redhat.java\1.30.0\config_ss_win -data c:\Users\ad\AppData\Roaming\Code\User\workspaceStorage\5141195cbf08ab991431c901b3b18a4e\redhat.java\ss_ws --pipe=\\.\pipe\lsp-dccbaa79728e342822772e99258c23b8-sock

Host: Intel(R) Core(TM) i5-8250U CPU @ 1.60GHz, 8 cores, 15G,  Windows 10 , 64 bit Build 19041 (10.0.19041.3636)
Time: Wed May 15 16:22:39 2024 SE Asia Standard Time elapsed time: 4.789119 seconds (0d 0h 0m 4s)

---------------  T H R E A D  ---------------

Current thread (0x0000022a7bd4a400):  JavaThread "C2 CompilerThread0" daemon [_thread_in_native, id=13908, stack(0x000000dbd9600000,0x000000dbd9700000)]


Current CompileTask:
C2:   4789 2104       4       java.io.DataInputStream::readUTF (501 bytes)

Stack: [0x000000dbd9600000,0x000000dbd9700000]
Native frames: (J=compiled Java code, j=interpreted, Vv=VM code, C=native code)
V  [jvm.dll+0x67d2c9]
V  [jvm.dll+0x834afa]
V  [jvm.dll+0x8365be]
V  [jvm.dll+0x836c23]
V  [jvm.dll+0x2477ff]
V  [jvm.dll+0xac514]
V  [jvm.dll+0xacb5c]
V  [jvm.dll+0x3667d7]
V  [jvm.dll+0x330bfa]
V  [jvm.dll+0x33009a]
V  [jvm.dll+0x219ef1]
V  [jvm.dll+0x219311]
V  [jvm.dll+0x1a502d]
V  [jvm.dll+0x2290de]
V  [jvm.dll+0x2272ac]
V  [jvm.dll+0x7e9bb7]
V  [jvm.dll+0x7e3fba]
V  [jvm.dll+0x67c1b5]
C  [ucrtbase.dll+0x21bb2]
C  [KERNEL32.DLL+0x17344]
C  [ntdll.dll+0x526b1]


---------------  P R O C E S S  ---------------

Threads class SMR info:
_java_thread_list=0x0000022a7d9e3260, length=20, elements={
0x0000022a60c80aa0, 0x0000022a76a72db0, 0x0000022a76a74dd0, 0x0000022a76a7c3b0,
0x0000022a76a7d140, 0x0000022a76a7ddd0, 0x0000022a76a7e6a0, 0x0000022a7bd4a400,
0x0000022a7bdabc70, 0x0000022a7bdb0950, 0x0000022a60ce3b60, 0x0000022a7c082f70,
0x0000022a7d3f3ca0, 0x0000022a7d489830, 0x0000022a7d489fe0, 0x0000022a7d007a30,
0x0000022a7d708890, 0x0000022a7d8511e0, 0x0000022a7d8507c0, 0x0000022a7d9457b0
}

Java Threads: ( => current thread )
  0x0000022a60c80aa0 JavaThread "main" [_thread_blocked, id=14688, stack(0x000000dbd8d00000,0x000000dbd8e00000)]
  0x0000022a76a72db0 JavaThread "Reference Handler" daemon [_thread_blocked, id=4544, stack(0x000000dbd9000000,0x000000dbd9100000)]
  0x0000022a76a74dd0 JavaThread "Finalizer" daemon [_thread_blocked, id=9120, stack(0x000000dbd9100000,0x000000dbd9200000)]
  0x0000022a76a7c3b0 JavaThread "Signal Dispatcher" daemon [_thread_blocked, id=12424, stack(0x000000dbd9200000,0x000000dbd9300000)]
  0x0000022a76a7d140 JavaThread "Attach Listener" daemon [_thread_blocked, id=16244, stack(0x000000dbd9300000,0x000000dbd9400000)]
  0x0000022a76a7ddd0 JavaThread "Service Thread" daemon [_thread_blocked, id=11568, stack(0x000000dbd9400000,0x000000dbd9500000)]
  0x0000022a76a7e6a0 JavaThread "Monitor Deflation Thread" daemon [_thread_blocked, id=10556, stack(0x000000dbd9500000,0x000000dbd9600000)]
=>0x0000022a7bd4a400 JavaThread "C2 CompilerThread0" daemon [_thread_in_native, id=13908, stack(0x000000dbd9600000,0x000000dbd9700000)]
  0x0000022a7bdabc70 JavaThread "C1 CompilerThread0" daemon [_thread_blocked, id=4552, stack(0x000000dbd9700000,0x000000dbd9800000)]
  0x0000022a7bdb0950 JavaThread "Sweeper thread" daemon [_thread_blocked, id=13664, stack(0x000000dbd9800000,0x000000dbd9900000)]
  0x0000022a60ce3b60 JavaThread "Common-Cleaner" daemon [_thread_blocked, id=16948, stack(0x000000dbd9900000,0x000000dbd9a00000)]
  0x0000022a7c082f70 JavaThread "Notification Thread" daemon [_thread_blocked, id=14972, stack(0x000000dbd9b00000,0x000000dbd9c00000)]
  0x0000022a7d3f3ca0 JavaThread "Active Thread: Equinox Container: 9bc87abe-3dfc-422d-897d-49f31c48c465" [_thread_blocked, id=16388, stack(0x000000dbda300000,0x000000dbda400000)]
  0x0000022a7d489830 JavaThread "Framework Event Dispatcher: Equinox Container: 9bc87abe-3dfc-422d-897d-49f31c48c465" daemon [_thread_blocked, id=1972, stack(0x000000dbda400000,0x000000dbda500000)]
  0x0000022a7d489fe0 JavaThread "Start Level: Equinox Container: 9bc87abe-3dfc-422d-897d-49f31c48c465" daemon [_thread_in_native, id=8536, stack(0x000000dbda500000,0x000000dbda600000)]
  0x0000022a7d007a30 JavaThread "SCR Component Actor" daemon [_thread_blocked, id=3300, stack(0x000000dbda600000,0x000000dbda700000)]
  0x0000022a7d708890 JavaThread "SCR Component Registry" daemon [_thread_blocked, id=10260, stack(0x000000dbda800000,0x000000dbda900000)]
  0x0000022a7d8511e0 JavaThread "Worker-JM" [_thread_blocked, id=3328, stack(0x000000dbda200000,0x000000dbda300000)]
  0x0000022a7d8507c0 JavaThread "Worker-0" [_thread_blocked, id=10460, stack(0x000000dbda900000,0x000000dbdaa00000)]
  0x0000022a7d9457b0 JavaThread "C2 CompilerThread1" daemon [_thread_in_native, id=16956, stack(0x000000dbdaa00000,0x000000dbdab00000)]

Other Threads:
  0x0000022a60d3ec30 VMThread "VM Thread" [stack: 0x000000dbd8f00000,0x000000dbd9000000] [id=2516]
  0x0000022a7c0839b0 WatcherThread [stack: 0x000000dbd9c00000,0x000000dbd9d00000] [id=12448]
  0x0000022a60c970c0 GCTaskThread "GC Thread#0" [stack: 0x000000dbd8e00000,0x000000dbd8f00000] [id=16280]
  0x0000022a7d240380 GCTaskThread "GC Thread#1" [stack: 0x000000dbd9a00000,0x000000dbd9b00000] [id=12376]
  0x0000022a7d242800 GCTaskThread "GC Thread#2" [stack: 0x000000dbd9d00000,0x000000dbd9e00000] [id=9628]
  0x0000022a7d3f5200 GCTaskThread "GC Thread#3" [stack: 0x000000dbd9e00000,0x000000dbd9f00000] [id=10148]
  0x0000022a7d3f54c0 GCTaskThread "GC Thread#4" [stack: 0x000000dbd9f00000,0x000000dbda000000] [id=11756]
  0x0000022a7d3f5780 GCTaskThread "GC Thread#5" [stack: 0x000000dbda000000,0x000000dbda100000] [id=14840]
  0x0000022a7d3f5a40 GCTaskThread "GC Thread#6" [stack: 0x000000dbda100000,0x000000dbda200000] [id=7124]
  0x0000022a7d66bc00 GCTaskThread "GC Thread#7" [stack: 0x000000dbda700000,0x000000dbda800000] [id=16136]

Threads with active compile tasks:
C2 CompilerThread0     4857 2104       4       java.io.DataInputStream::readUTF (501 bytes)
C2 CompilerThread1     4857 2155       4       java.lang.String::equalsIgnoreCase (45 bytes)

VM state: not at safepoint (normal execution)

VM Mutex/Monitor currently owned by a thread: None

Heap address: 0x00000000c0000000, size: 1024 MB, Compressed Oops mode: 32-bit

CDS archive(s) not mapped
Compressed class space mapped at: 0x0000000100000000-0x0000000140000000, reserved size: 1073741824
Narrow klass base: 0x0000000000000000, Narrow klass shift: 3, Narrow klass range: 0x140000000

GC Precious Log:
 CPUs: 8 total, 8 available
 Memory: 16248M
 Large Page Support: Disabled
 NUMA Support: Disabled
 Compressed Oops: Enabled (32-bit)
 Alignments: Space 512K, Generation 512K, Heap 2M
 Heap Min Capacity: 100M
 Heap Initial Capacity: 100M
 Heap Max Capacity: 1G
 Pre-touch: Disabled
 Parallel Workers: 8

Heap:
 PSYoungGen      total 29696K, used 10833K [0x00000000eab00000, 0x00000000ecc00000, 0x0000000100000000)
  eden space 25600K, 26% used [0x00000000eab00000,0x00000000eb19c280,0x00000000ec400000)
  from space 4096K, 99% used [0x00000000ec400000,0x00000000ec7f8320,0x00000000ec800000)
  to   space 4096K, 0% used [0x00000000ec800000,0x00000000ec800000,0x00000000ecc00000)
 ParOldGen       total 68608K, used 2410K [0x00000000c0000000, 0x00000000c4300000, 0x00000000eab00000)
  object space 68608K, 3% used [0x00000000c0000000,0x00000000c025ab90,0x00000000c4300000)
 Metaspace       used 20951K, committed 21440K, reserved 1114112K
  class space    used 2140K, committed 2368K, reserved 1048576K

Card table byte_map: [0x0000022a742f0000,0x0000022a74500000] _byte_map_base: 0x0000022a73cf0000

Marking Bits: (ParMarkBitMap*) 0x00007ff9b1aed7d0
 Begin Bits: [0x0000022a74660000, 0x0000022a75660000)
 End Bits:   [0x0000022a75660000, 0x0000022a76660000)

Polling page: 0x0000022a60d40000

Metaspace:

Usage:
  Non-class:     18.37 MB used.
      Class:      2.09 MB used.
       Both:     20.46 MB used.

Virtual space:
  Non-class space:       64.00 MB reserved,      18.62 MB ( 29%) committed,  1 nodes.
      Class space:        1.00 GB reserved,       2.31 MB ( <1%) committed,  1 nodes.
             Both:        1.06 GB reserved,      20.94 MB (  2%) committed. 

Chunk freelists:
   Non-Class:  12.81 MB
       Class:  13.73 MB
        Both:  26.54 MB

MaxMetaspaceSize: unlimited
CompressedClassSpaceSize: 1.00 GB
Initial GC threshold: 21.00 MB
Current GC threshold: 21.00 MB
CDS: off
MetaspaceReclaimPolicy: balanced
 - commit_granule_bytes: 65536.
 - commit_granule_words: 8192.
 - virtual_space_node_default_size: 8388608.
 - enlarge_chunks_in_place: 1.
 - new_chunks_are_fully_committed: 0.
 - uncommit_free_chunks: 1.
 - use_allocation_guard: 0.
 - handle_deallocations: 1.


Internal statistics:

num_allocs_failed_limit: 0.
num_arena_births: 254.
num_arena_deaths: 0.
num_vsnodes_births: 2.
num_vsnodes_deaths: 0.
num_space_committed: 335.
num_space_uncommitted: 0.
num_chunks_returned_to_freelist: 0.
num_chunks_taken_from_freelist: 747.
num_chunk_merges: 0.
num_chunk_splits: 478.
num_chunks_enlarged: 326.
num_inconsistent_stats: 0.

CodeHeap 'non-profiled nmethods': size=120000Kb used=870Kb max_used=870Kb free=119129Kb
 bounds [0x0000022a6cbe0000, 0x0000022a6ce50000, 0x0000022a74110000]
CodeHeap 'profiled nmethods': size=120000Kb used=4267Kb max_used=4267Kb free=115732Kb
 bounds [0x0000022a65110000, 0x0000022a65540000, 0x0000022a6c640000]
CodeHeap 'non-nmethods': size=5760Kb used=1181Kb max_used=1204Kb free=4578Kb
 bounds [0x0000022a6c640000, 0x0000022a6c8b0000, 0x0000022a6cbe0000]
 total_blobs=2640 nmethods=2155 adapters=399
 compilation: enabled
              stopped_count=0, restarted_count=0
 full_count=0

Compilation events (20 events):
Event: 4.754 Thread 0x0000022a7bdabc70 2115       3       java.util.Arrays$ArrayList::<init> (16 bytes)
Event: 4.755 Thread 0x0000022a7bdabc70 nmethod 2115 0x0000022a65523210 code [0x0000022a655233e0, 0x0000022a65523788]
Event: 4.755 Thread 0x0000022a7bdabc70 2116       3       jdk.xml.internal.SecuritySupport::getSystemProperty (13 bytes)
Event: 4.756 Thread 0x0000022a7bdabc70 nmethod 2116 0x0000022a65523910 code [0x0000022a65523b40, 0x0000022a65524428]
Event: 4.756 Thread 0x0000022a7bdabc70 2117       3       jdk.xml.internal.SecuritySupport$$Lambda$78/0x000000010015fb20::<init> (10 bytes)
Event: 4.756 Thread 0x0000022a7bdabc70 nmethod 2117 0x0000022a65524790 code [0x0000022a65524920, 0x0000022a65524a98]
Event: 4.756 Thread 0x0000022a7bdabc70 2118   !   3       jdk.xml.internal.SecuritySupport::readJAXPProperty (147 bytes)
Event: 4.763 Thread 0x0000022a7bdabc70 nmethod 2118 0x0000022a65524b90 code [0x0000022a65525440, 0x0000022a6552ba68]
Event: 4.763 Thread 0x0000022a7bdabc70 2124       1       com.sun.org.apache.xerces.internal.impl.XMLDocumentFragmentScannerImpl::setScannerState (6 bytes)
Event: 4.763 Thread 0x0000022a7bdabc70 nmethod 2124 0x0000022a6ccb6810 code [0x0000022a6ccb69a0, 0x0000022a6ccb6a78]
Event: 4.763 Thread 0x0000022a7bdabc70 2122       3       jdk.xml.internal.SecuritySupport$$Lambda$78/0x000000010015fb20::run (8 bytes)
Event: 4.764 Thread 0x0000022a7bdabc70 nmethod 2122 0x0000022a6552d890 code [0x0000022a6552da80, 0x0000022a6552df48]
Event: 4.764 Thread 0x0000022a7bdabc70 2123       3       jdk.xml.internal.SecuritySupport::lambda$getSystemProperty$0 (5 bytes)
Event: 4.764 Thread 0x0000022a7bdabc70 nmethod 2123 0x0000022a6552e110 code [0x0000022a6552e300, 0x0000022a6552e748]
Event: 4.764 Thread 0x0000022a7bdabc70 2119       3       java.util.stream.StreamSupport::stream (19 bytes)
Event: 4.764 Thread 0x0000022a7bdabc70 nmethod 2119 0x0000022a6552e910 code [0x0000022a6552eae0, 0x0000022a6552ef08]
Event: 4.764 Thread 0x0000022a7bdabc70 2120       3       java.util.stream.StreamOpFlag::fromCharacteristics (37 bytes)
Event: 4.765 Thread 0x0000022a7bdabc70 nmethod 2120 0x0000022a6552f110 code [0x0000022a6552f2c0, 0x0000022a6552f5d8]
Event: 4.765 Thread 0x0000022a7bdabc70 2121       1       java.lang.reflect.Constructor::getSharedParameterTypes (5 bytes)
Event: 4.765 Thread 0x0000022a7bdabc70 nmethod 2121 0x0000022a6ccb6b10 code [0x0000022a6ccb6ca0, 0x0000022a6ccb6d78]

GC Heap History (6 events):
Event: 2.512 GC heap before
{Heap before GC invocations=1 (full 0):
 PSYoungGen      total 29696K, used 25600K [0x00000000eab00000, 0x00000000ecc00000, 0x0000000100000000)
  eden space 25600K, 100% used [0x00000000eab00000,0x00000000ec400000,0x00000000ec400000)
  from space 4096K, 0% used [0x00000000ec800000,0x00000000ec800000,0x00000000ecc00000)
  to   space 4096K, 0% used [0x00000000ec400000,0x00000000ec400000,0x00000000ec800000)
 ParOldGen       total 68608K, used 0K [0x00000000c0000000, 0x00000000c4300000, 0x00000000eab00000)
  object space 68608K, 0% used [0x00000000c0000000,0x00000000c0000000,0x00000000c4300000)
 Metaspace       used 11008K, committed 11200K, reserved 1114112K
  class space    used 1096K, committed 1216K, reserved 1048576K
}
Event: 2.524 GC heap after
{Heap after GC invocations=1 (full 0):
 PSYoungGen      total 29696K, used 3188K [0x00000000eab00000, 0x00000000ecc00000, 0x0000000100000000)
  eden space 25600K, 0% used [0x00000000eab00000,0x00000000eab00000,0x00000000ec400000)
  from space 4096K, 77% used [0x00000000ec400000,0x00000000ec71d298,0x00000000ec800000)
  to   space 4096K, 0% used [0x00000000ec800000,0x00000000ec800000,0x00000000ecc00000)
 ParOldGen       total 68608K, used 16K [0x00000000c0000000, 0x00000000c4300000, 0x00000000eab00000)
  object space 68608K, 0% used [0x00000000c0000000,0x00000000c0004000,0x00000000c4300000)
 Metaspace       used 11008K, committed 11200K, reserved 1114112K
  class space    used 1096K, committed 1216K, reserved 1048576K
}
Event: 3.640 GC heap before
{Heap before GC invocations=2 (full 0):
 PSYoungGen      total 29696K, used 28788K [0x00000000eab00000, 0x00000000ecc00000, 0x0000000100000000)
  eden space 25600K, 100% used [0x00000000eab00000,0x00000000ec400000,0x00000000ec400000)
  from space 4096K, 77% used [0x00000000ec400000,0x00000000ec71d298,0x00000000ec800000)
  to   space 4096K, 0% used [0x00000000ec800000,0x00000000ec800000,0x00000000ecc00000)
 ParOldGen       total 68608K, used 16K [0x00000000c0000000, 0x00000000c4300000, 0x00000000eab00000)
  object space 68608K, 0% used [0x00000000c0000000,0x00000000c0004000,0x00000000c4300000)
 Metaspace       used 14826K, committed 15104K, reserved 1114112K
  class space    used 1499K, committed 1664K, reserved 1048576K
}
Event: 3.648 GC heap after
{Heap after GC invocations=2 (full 0):
 PSYoungGen      total 29696K, used 4083K [0x00000000eab00000, 0x00000000ecc00000, 0x0000000100000000)
  eden space 25600K, 0% used [0x00000000eab00000,0x00000000eab00000,0x00000000ec400000)
  from space 4096K, 99% used [0x00000000ec800000,0x00000000ecbfcf48,0x00000000ecc00000)
  to   space 4096K, 0% used [0x00000000ec400000,0x00000000ec400000,0x00000000ec800000)
 ParOldGen       total 68608K, used 744K [0x00000000c0000000, 0x00000000c4300000, 0x00000000eab00000)
  object space 68608K, 1% used [0x00000000c0000000,0x00000000c00ba340,0x00000000c4300000)
 Metaspace       used 14826K, committed 15104K, reserved 1114112K
  class space    used 1499K, committed 1664K, reserved 1048576K
}
Event: 4.632 GC heap before
{Heap before GC invocations=3 (full 0):
 PSYoungGen      total 29696K, used 29667K [0x00000000eab00000, 0x00000000ecc00000, 0x0000000100000000)
  eden space 25600K, 99% used [0x00000000eab00000,0x00000000ec3fbd38,0x00000000ec400000)
  from space 4096K, 99% used [0x00000000ec800000,0x00000000ecbfcf48,0x00000000ecc00000)
  to   space 4096K, 0% used [0x00000000ec400000,0x00000000ec400000,0x00000000ec800000)
 ParOldGen       total 68608K, used 744K [0x00000000c0000000, 0x00000000c4300000, 0x00000000eab00000)
  object space 68608K, 1% used [0x00000000c0000000,0x00000000c00ba340,0x00000000c4300000)
 Metaspace       used 19848K, committed 20224K, reserved 1114112K
  class space    used 2023K, committed 2176K, reserved 1048576K
}
Event: 4.640 GC heap after
{Heap after GC invocations=3 (full 0):
 PSYoungGen      total 29696K, used 4064K [0x00000000eab00000, 0x00000000ecc00000, 0x0000000100000000)
  eden space 25600K, 0% used [0x00000000eab00000,0x00000000eab00000,0x00000000ec400000)
  from space 4096K, 99% used [0x00000000ec400000,0x00000000ec7f8320,0x00000000ec800000)
  to   space 4096K, 0% used [0x00000000ec800000,0x00000000ec800000,0x00000000ecc00000)
 ParOldGen       total 68608K, used 2410K [0x00000000c0000000, 0x00000000c4300000, 0x00000000eab00000)
  object space 68608K, 3% used [0x00000000c0000000,0x00000000c025ab90,0x00000000c4300000)
 Metaspace       used 19848K, committed 20224K, reserved 1114112K
  class space    used 2023K, committed 2176K, reserved 1048576K
}

Dll operation events (9 events):
Event: 0.019 Loaded shared library c:\Users\ad\.vscode\extensions\redhat.java-1.30.0-win32-x64\jre\17.0.10-win32-x86_64\bin\java.dll
Event: 0.447 Loaded shared library c:\Users\ad\.vscode\extensions\redhat.java-1.30.0-win32-x64\jre\17.0.10-win32-x86_64\bin\zip.dll
Event: 0.452 Loaded shared library C:\Users\ad\.vscode\extensions\redhat.java-1.30.0-win32-x64\jre\17.0.10-win32-x86_64\bin\instrument.dll
Event: 0.480 Loaded shared library C:\Users\ad\.vscode\extensions\redhat.java-1.30.0-win32-x64\jre\17.0.10-win32-x86_64\bin\net.dll
Event: 0.483 Loaded shared library C:\Users\ad\.vscode\extensions\redhat.java-1.30.0-win32-x64\jre\17.0.10-win32-x86_64\bin\nio.dll
Event: 0.498 Loaded shared library C:\Users\ad\.vscode\extensions\redhat.java-1.30.0-win32-x64\jre\17.0.10-win32-x86_64\bin\zip.dll
Event: 0.537 Loaded shared library C:\Users\ad\.vscode\extensions\redhat.java-1.30.0-win32-x64\jre\17.0.10-win32-x86_64\bin\jimage.dll
Event: 0.738 Loaded shared library c:\Users\ad\.vscode\extensions\redhat.java-1.30.0-win32-x64\jre\17.0.10-win32-x86_64\bin\verify.dll
Event: 3.772 Loaded shared library C:\Users\ad\AppData\Roaming\Code\User\globalStorage\redhat.java\1.30.0\config_ss_win\org.eclipse.equinox.launcher\org.eclipse.equinox.launcher.win32.win32.x86_64_1.2.900.v20240213-1244\eclipse_11900.dll

Deoptimization events (20 events):
Event: 4.698 Thread 0x0000022a7d489fe0 Uncommon trap: trap_request=0xffffffc6 fr.pc=0x0000022a6cc9e0f8 relative=0x0000000000001d58
Event: 4.698 Thread 0x0000022a7d489fe0 Uncommon trap: reason=bimorphic_or_optimized_type_check action=maybe_recompile pc=0x0000022a6cc9e0f8 method=java.io.DataInputStream.readUnsignedShort()I @ 6 c2
Event: 4.698 Thread 0x0000022a7d489fe0 DEOPT PACKING pc=0x0000022a6cc9e0f8 sp=0x000000dbda5f9340
Event: 4.698 Thread 0x0000022a7d489fe0 DEOPT UNPACKING pc=0x0000022a6c6966a3 sp=0x000000dbda5f92c0 mode 2
Event: 4.698 Thread 0x0000022a7d489fe0 Uncommon trap: trap_request=0xffffffc6 fr.pc=0x0000022a6cc9e0f8 relative=0x0000000000001d58
Event: 4.698 Thread 0x0000022a7d489fe0 Uncommon trap: reason=bimorphic_or_optimized_type_check action=maybe_recompile pc=0x0000022a6cc9e0f8 method=java.io.DataInputStream.readUnsignedShort()I @ 6 c2
Event: 4.698 Thread 0x0000022a7d489fe0 DEOPT PACKING pc=0x0000022a6cc9e0f8 sp=0x000000dbda5f9280
Event: 4.698 Thread 0x0000022a7d489fe0 DEOPT UNPACKING pc=0x0000022a6c6966a3 sp=0x000000dbda5f9200 mode 2
Event: 4.699 Thread 0x0000022a7d489fe0 Uncommon trap: trap_request=0xffffffc6 fr.pc=0x0000022a6cc9e0f8 relative=0x0000000000001d58
Event: 4.699 Thread 0x0000022a7d489fe0 Uncommon trap: reason=bimorphic_or_optimized_type_check action=maybe_recompile pc=0x0000022a6cc9e0f8 method=java.io.DataInputStream.readUnsignedShort()I @ 6 c2
Event: 4.699 Thread 0x0000022a7d489fe0 DEOPT PACKING pc=0x0000022a6cc9e0f8 sp=0x000000dbda5f91d0
Event: 4.699 Thread 0x0000022a7d489fe0 DEOPT UNPACKING pc=0x0000022a6c6966a3 sp=0x000000dbda5f9150 mode 2
Event: 4.699 Thread 0x0000022a7d489fe0 Uncommon trap: trap_request=0xffffffc6 fr.pc=0x0000022a6cca2b38 relative=0x00000000000006d8
Event: 4.699 Thread 0x0000022a7d489fe0 Uncommon trap: reason=bimorphic_or_optimized_type_check action=maybe_recompile pc=0x0000022a6cca2b38 method=java.io.DataInputStream.readUnsignedShort()I @ 6 c2
Event: 4.699 Thread 0x0000022a7d489fe0 DEOPT PACKING pc=0x0000022a6cca2b38 sp=0x000000dbda5f9180
Event: 4.699 Thread 0x0000022a7d489fe0 DEOPT UNPACKING pc=0x0000022a6c6966a3 sp=0x000000dbda5f9148 mode 2
Event: 4.727 Thread 0x0000022a7d489fe0 Uncommon trap: trap_request=0xffffff45 fr.pc=0x0000022a6cc73940 relative=0x0000000000000040
Event: 4.727 Thread 0x0000022a7d489fe0 Uncommon trap: reason=unstable_if action=reinterpret pc=0x0000022a6cc73940 method=sun.nio.fs.WindowsPathParser.isSlash(C)Z @ 9 c2
Event: 4.727 Thread 0x0000022a7d489fe0 DEOPT PACKING pc=0x0000022a6cc73940 sp=0x000000dbda5f9060
Event: 4.727 Thread 0x0000022a7d489fe0 DEOPT UNPACKING pc=0x0000022a6c6966a3 sp=0x000000dbda5f8fe8 mode 2

Classes unloaded (0 events):
No events

Classes redefined (0 events):
No events

Internal exceptions (20 events):
Event: 3.558 Thread 0x0000022a7d489fe0 Exception <a 'java/lang/NullPointerException'{0x00000000ec2ab6a0}> (0x00000000ec2ab6a0) 
thrown [s\src\hotspot\share\interpreter\linkResolver.cpp, line 1350]
Event: 3.558 Thread 0x0000022a7d489fe0 Exception <a 'java/lang/NullPointerException'{0x00000000ec2ab978}> (0x00000000ec2ab978) 
thrown [s\src\hotspot\share\interpreter\linkResolver.cpp, line 1350]
Event: 3.931 Thread 0x0000022a7d489fe0 Exception <a 'java/io/FileNotFoundException'{0x00000000eb5518a8}> (0x00000000eb5518a8) 
thrown [s\src\hotspot\share\prims\jni.cpp, line 516]
Event: 4.023 Thread 0x0000022a7d489fe0 Exception <a 'java/lang/NoSuchMethodError'{0x00000000eb6f10b8}: 'java.lang.Object java.lang.invoke.Invokers$Holder.invokeExact_MT(java.lang.Object, java.lang.Object, java.lang.Object, java.lang.Object, java.lang.Object, java.lang.Object)'> (0x00000000eb6f10b8) 
thrown [s\src\hotspot\share\interpreter\linkResolver.cpp, line 759]
Event: 4.114 Thread 0x0000022a7d489fe0 Exception <a 'java/lang/NoSuchMethodError'{0x00000000eb814f18}: 'java.lang.Object java.lang.invoke.Invokers$Holder.linkToTargetMethod(java.lang.Object, long, java.lang.Object)'> (0x00000000eb814f18) 
thrown [s\src\hotspot\share\interpreter\linkResolver.cpp, line 759]
Event: 4.279 Thread 0x0000022a7d489fe0 Exception <a 'java/lang/NoSuchMethodError'{0x00000000ebbb5a50}: 'void java.lang.invoke.DirectMethodHandle$Holder.invokeInterface(java.lang.Object, java.lang.Object, java.lang.Object)'> (0x00000000ebbb5a50) 
thrown [s\src\hotspot\share\interpreter\linkResolver.cpp, line 759]
Event: 4.411 Thread 0x0000022a7d489fe0 Exception <a 'java/lang/NoSuchMethodError'{0x00000000ebee71e0}: 'void java.lang.invoke.DirectMethodHandle$Holder.invokeVirtual(java.lang.Object, java.lang.Object)'> (0x00000000ebee71e0) 
thrown [s\src\hotspot\share\interpreter\linkResolver.cpp, line 759]
Event: 4.478 Thread 0x0000022a7d489fe0 Exception <a 'java/lang/NoSuchMethodError'{0x00000000ebffbed0}: 'java.lang.Object java.lang.invoke.DirectMethodHandle$Holder.invokeStatic(java.lang.Object, java.lang.Object, int)'> (0x00000000ebffbed0) 
thrown [s\src\hotspot\share\interpreter\linkResolver.cpp, line 759]
Event: 4.479 Thread 0x0000022a7d489fe0 Exception <a 'java/lang/NoSuchMethodError'{0x00000000ec000a80}: 'void java.lang.invoke.DirectMethodHandle$Holder.invokeStatic(java.lang.Object, java.lang.Object, int, java.lang.Object)'> (0x00000000ec000a80) 
thrown [s\src\hotspot\share\interpreter\linkResolver.cpp, line 759]
Event: 4.480 Thread 0x0000022a7d489fe0 Exception <a 'java/lang/NoSuchMethodError'{0x00000000ec0081b0}: 'void java.lang.invoke.DelegatingMethodHandle$Holder.delegate(java.lang.Object, java.lang.Object, int, java.lang.Object)'> (0x00000000ec0081b0) 
thrown [s\src\hotspot\share\interpreter\linkResolver.cpp, line 759]
Event: 4.481 Thread 0x0000022a7d489fe0 Exception <a 'java/lang/NoSuchMethodError'{0x00000000ec00c598}: 'int java.lang.invoke.DirectMethodHandle$Holder.invokeSpecial(java.lang.Object, java.lang.Object, java.lang.Object)'> (0x00000000ec00c598) 
thrown [s\src\hotspot\share\interpreter\linkResolver.cpp, line 759]
Event: 4.483 Thread 0x0000022a7d489fe0 Exception <a 'java/lang/NoSuchMethodError'{0x00000000ec01e898}: 'int java.lang.invoke.DirectMethodHandle$Holder.invokeStatic(java.lang.Object, java.lang.Object, int)'> (0x00000000ec01e898) 
thrown [s\src\hotspot\share\interpreter\linkResolver.cpp, line 759]
Event: 4.483 Thread 0x0000022a7d489fe0 Exception <a 'java/lang/NoSuchMethodError'{0x00000000ec0228c0}: 'int java.lang.invoke.DirectMethodHandle$Holder.invokeSpecial(java.lang.Object, java.lang.Object, java.lang.Object, int)'> (0x00000000ec0228c0) 
thrown [s\src\hotspot\share\interpreter\linkResolver.cpp, line 759]
Event: 4.488 Thread 0x0000022a7d489fe0 Exception <a 'java/lang/NoSuchMethodError'{0x00000000ec03eff8}: 'java.lang.Object java.lang.invoke.DirectMethodHandle$Holder.invokeStatic(java.lang.Object, java.lang.Object, java.lang.Object, java.lang.Object, int)'> (0x00000000ec03eff8) 
thrown [s\src\hotspot\share\interpreter\linkResolver.cpp, line 759]
Event: 4.490 Thread 0x0000022a7d489fe0 Exception <a 'java/lang/NoSuchMethodError'{0x00000000ec04aff0}: 'java.lang.Object java.lang.invoke.DelegatingMethodHandle$Holder.reinvoke_L(java.lang.Object, java.lang.Object, java.lang.Object, java.lang.Object, int, int)'> (0x00000000ec04aff0) 
thrown [s\src\hotspot\share\interpreter\linkResolver.cpp, line 759]
Event: 4.495 Thread 0x0000022a7d489fe0 Exception <a 'java/lang/NoSuchMethodError'{0x00000000ec05f410}: 'java.lang.Object java.lang.invoke.Invokers$Holder.invokeExact_MT(java.lang.Object, java.lang.Object, java.lang.Object, java.lang.Object)'> (0x00000000ec05f410) 
thrown [s\src\hotspot\share\interpreter\linkResolver.cpp, line 759]
Event: 4.600 Thread 0x0000022a7d489fe0 Exception <a 'java/io/FileNotFoundException'{0x00000000ec2ee188}> (0x00000000ec2ee188) 
thrown [s\src\hotspot\share\prims\jni.cpp, line 516]
Event: 4.603 Thread 0x0000022a7d489fe0 Exception <a 'java/io/FileNotFoundException'{0x00000000ec2f5688}> (0x00000000ec2f5688) 
thrown [s\src\hotspot\share\prims\jni.cpp, line 516]
Event: 4.706 Thread 0x0000022a7d489fe0 Exception <a 'java/lang/NoSuchMethodError'{0x00000000eacfe368}: 'java.lang.Object java.lang.invoke.DirectMethodHandle$Holder.newInvokeSpecial(java.lang.Object, java.lang.Object, java.lang.Object, java.lang.Object, java.lang.Object)'> (0x00000000eacfe368) 
thrown [s\src\hotspot\share\interpreter\linkResolver.cpp, line 759]
Event: 4.739 Thread 0x0000022a7d489fe0 Exception <a 'java/lang/NoSuchMethodError'{0x00000000eae36558}: 'java.lang.Object java.lang.invoke.DirectMethodHandle$Holder.invokeStaticInit(java.lang.Object, int)'> (0x00000000eae36558) 
thrown [s\src\hotspot\share\interpreter\linkResolver.cpp, line 759]

VM Operations (20 events):
Event: 3.246 Executing VM operation: HandshakeAllThreads
Event: 3.246 Executing VM operation: HandshakeAllThreads done
Event: 3.246 Executing VM operation: HandshakeAllThreads
Event: 3.246 Executing VM operation: HandshakeAllThreads done
Event: 3.258 Executing VM operation: HandshakeAllThreads
Event: 3.259 Executing VM operation: HandshakeAllThreads done
Event: 3.280 Executing VM operation: HandshakeAllThreads
Event: 3.280 Executing VM operation: HandshakeAllThreads done
Event: 3.536 Executing VM operation: HandshakeAllThreads
Event: 3.536 Executing VM operation: HandshakeAllThreads done
Event: 3.536 Executing VM operation: Cleanup
Event: 3.537 Executing VM operation: Cleanup done
Event: 3.640 Executing VM operation: ParallelGCFailedAllocation
Event: 3.648 Executing VM operation: ParallelGCFailedAllocation done
Event: 4.213 Executing VM operation: HandshakeAllThreads
Event: 4.213 Executing VM operation: HandshakeAllThreads done
Event: 4.478 Executing VM operation: HandshakeAllThreads
Event: 4.478 Executing VM operation: HandshakeAllThreads done
Event: 4.632 Executing VM operation: ParallelGCFailedAllocation
Event: 4.644 Executing VM operation: ParallelGCFailedAllocation done

Events (20 events):
Event: 4.731 loading class java/nio/file/DirectoryNotEmptyException
Event: 4.731 loading class java/nio/file/DirectoryNotEmptyException done
Event: 4.738 loading class java/util/AbstractMap$2
Event: 4.738 loading class java/util/AbstractMap$2 done
Event: 4.739 loading class java/util/AbstractMap$2$1
Event: 4.739 loading class java/util/AbstractMap$2$1 done
Event: 4.744 loading class org/xml/sax/SAXParseException
Event: 4.744 loading class org/xml/sax/SAXParseException done
Event: 4.747 loading class javax/xml/parsers/DocumentBuilderFactory
Event: 4.747 loading class javax/xml/parsers/DocumentBuilderFactory done
Event: 4.748 loading class com/sun/org/apache/xerces/internal/jaxp/DocumentBuilderFactoryImpl
Event: 4.748 loading class com/sun/org/apache/xerces/internal/jaxp/DocumentBuilderFactoryImpl done
Event: 4.748 loading class com/sun/org/apache/xerces/internal/jaxp/DocumentBuilderImpl
Event: 4.749 loading class javax/xml/parsers/DocumentBuilder
Event: 4.749 loading class javax/xml/parsers/DocumentBuilder done
Event: 4.749 loading class com/sun/org/apache/xerces/internal/jaxp/DocumentBuilderImpl done
Event: 4.749 loading class com/sun/org/apache/xerces/internal/parsers/DOMParser
Event: 4.749 loading class com/sun/org/apache/xerces/internal/parsers/AbstractDOMParser
Event: 4.750 loading class com/sun/org/apache/xerces/internal/parsers/AbstractDOMParser done
Event: 4.750 loading class com/sun/org/apache/xerces/internal/parsers/DOMParser done


Dynamic libraries:
0x00007ff751ec0000 - 0x00007ff751ece000 	c:\Users\ad\.vscode\extensions\redhat.java-1.30.0-win32-x64\jre\17.0.10-win32-x86_64\bin\java.exe
0x00007ffa036d0000 - 0x00007ffa038c8000 	C:\Windows\SYSTEM32\ntdll.dll
0x00007ffa01c00000 - 0x00007ffa01cbd000 	C:\Windows\System32\KERNEL32.DLL
0x00007ffa013d0000 - 0x00007ffa016c6000 	C:\Windows\System32\KERNELBASE.dll
0x00007ffa012d0000 - 0x00007ffa013d0000 	C:\Windows\System32\ucrtbase.dll
0x00007ff9f7860000 - 0x00007ff9f7877000 	c:\Users\ad\.vscode\extensions\redhat.java-1.30.0-win32-x64\jre\17.0.10-win32-x86_64\bin\jli.dll
0x00007ffa01dc0000 - 0x00007ffa01f5f000 	C:\Windows\System32\USER32.dll
0x00007ffa016d0000 - 0x00007ffa016f2000 	C:\Windows\System32\win32u.dll
0x00007ffa02a70000 - 0x00007ffa02a9b000 	C:\Windows\System32\GDI32.dll
0x00007ffa01060000 - 0x00007ffa01177000 	C:\Windows\System32\gdi32full.dll
0x00007ff9ef510000 - 0x00007ff9ef52b000 	c:\Users\ad\.vscode\extensions\redhat.java-1.30.0-win32-x64\jre\17.0.10-win32-x86_64\bin\VCRUNTIME140.dll
0x00007ffa00d80000 - 0x00007ffa00e1d000 	C:\Windows\System32\msvcp_win.dll
0x00007ff9ea150000 - 0x00007ff9ea3ea000 	C:\Windows\WinSxS\amd64_microsoft.windows.common-controls_6595b64144ccf1df_6.0.19041.3636_none_60b6a03d71f818d5\COMCTL32.dll
0x00007ffa027f0000 - 0x00007ffa0288e000 	C:\Windows\System32\msvcrt.dll
0x00007ffa01d20000 - 0x00007ffa01d52000 	C:\Windows\System32\IMM32.DLL
0x00007ff9fc210000 - 0x00007ff9fc21c000 	c:\Users\ad\.vscode\extensions\redhat.java-1.30.0-win32-x64\jre\17.0.10-win32-x86_64\bin\vcruntime140_1.dll
0x00007ff9c8680000 - 0x00007ff9c870d000 	c:\Users\ad\.vscode\extensions\redhat.java-1.30.0-win32-x64\jre\17.0.10-win32-x86_64\bin\msvcp140.dll
0x00007ff9b0f50000 - 0x00007ff9b1bb2000 	c:\Users\ad\.vscode\extensions\redhat.java-1.30.0-win32-x64\jre\17.0.10-win32-x86_64\bin\server\jvm.dll
0x00007ffa02890000 - 0x00007ffa02940000 	C:\Windows\System32\ADVAPI32.dll
0x00007ffa02d40000 - 0x00007ffa02de0000 	C:\Windows\System32\sechost.dll
0x00007ffa02940000 - 0x00007ffa02a63000 	C:\Windows\System32\RPCRT4.dll
0x00007ffa01180000 - 0x00007ffa011a7000 	C:\Windows\System32\bcrypt.dll
0x00007ffa00c60000 - 0x00007ffa00cab000 	C:\Windows\SYSTEM32\POWRPROF.dll
0x00007ff9f0610000 - 0x00007ff9f0619000 	C:\Windows\SYSTEM32\WSOCK32.dll
0x00007ffa02de0000 - 0x00007ffa02e4b000 	C:\Windows\System32\WS2_32.dll
0x00007ff9e7020000 - 0x00007ff9e7047000 	C:\Windows\SYSTEM32\WINMM.dll
0x00007ff9fa840000 - 0x00007ff9fa84a000 	C:\Windows\SYSTEM32\VERSION.dll
0x00007ffa00c40000 - 0x00007ffa00c52000 	C:\Windows\SYSTEM32\UMPDC.dll
0x00007ff9ff5f0000 - 0x00007ff9ff602000 	C:\Windows\SYSTEM32\kernel.appcore.dll
0x00007ff9fb420000 - 0x00007ff9fb42a000 	c:\Users\ad\.vscode\extensions\redhat.java-1.30.0-win32-x64\jre\17.0.10-win32-x86_64\bin\jimage.dll
0x00007ff9feb00000 - 0x00007ff9fece4000 	C:\Windows\SYSTEM32\DBGHELP.DLL
0x00007ff9ed6e0000 - 0x00007ff9ed714000 	C:\Windows\SYSTEM32\dbgcore.DLL
0x00007ffa00e20000 - 0x00007ffa00ea2000 	C:\Windows\System32\bcryptPrimitives.dll
0x00007ff9faef0000 - 0x00007ff9faefe000 	c:\Users\ad\.vscode\extensions\redhat.java-1.30.0-win32-x64\jre\17.0.10-win32-x86_64\bin\instrument.dll
0x00007ff9ee100000 - 0x00007ff9ee125000 	c:\Users\ad\.vscode\extensions\redhat.java-1.30.0-win32-x64\jre\17.0.10-win32-x86_64\bin\java.dll
0x00007ff9ee0e0000 - 0x00007ff9ee0f8000 	c:\Users\ad\.vscode\extensions\redhat.java-1.30.0-win32-x64\jre\17.0.10-win32-x86_64\bin\zip.dll
0x00007ffa02f20000 - 0x00007ffa0368b000 	C:\Windows\System32\SHELL32.dll
0x00007ff9fedf0000 - 0x00007ff9ff58e000 	C:\Windows\SYSTEM32\windows.storage.dll
0x00007ffa01f60000 - 0x00007ffa022b3000 	C:\Windows\System32\combase.dll
0x00007ffa006e0000 - 0x00007ffa0070e000 	C:\Windows\SYSTEM32\Wldp.dll
0x00007ffa02e50000 - 0x00007ffa02f1d000 	C:\Windows\System32\OLEAUT32.dll
0x00007ffa02730000 - 0x00007ffa027dd000 	C:\Windows\System32\SHCORE.dll
0x00007ffa01d60000 - 0x00007ffa01db5000 	C:\Windows\System32\shlwapi.dll
0x00007ffa00cb0000 - 0x00007ffa00cd3000 	C:\Windows\SYSTEM32\profapi.dll
0x00007ff9e04d0000 - 0x00007ff9e04e9000 	C:\Users\ad\.vscode\extensions\redhat.java-1.30.0-win32-x64\jre\17.0.10-win32-x86_64\bin\net.dll
0x00007ff9f9030000 - 0x00007ff9f913a000 	C:\Windows\SYSTEM32\WINHTTP.dll
0x00007ffa00440000 - 0x00007ffa004aa000 	C:\Windows\system32\mswsock.dll
0x00007ff9e04b0000 - 0x00007ff9e04c6000 	C:\Users\ad\.vscode\extensions\redhat.java-1.30.0-win32-x64\jre\17.0.10-win32-x86_64\bin\nio.dll
0x00007ff9fad70000 - 0x00007ff9fad80000 	c:\Users\ad\.vscode\extensions\redhat.java-1.30.0-win32-x64\jre\17.0.10-win32-x86_64\bin\verify.dll
0x00007ff9d2c70000 - 0x00007ff9d2cae000 	C:\Users\ad\AppData\Roaming\Code\User\globalStorage\redhat.java\1.30.0\config_ss_win\org.eclipse.equinox.launcher\org.eclipse.equinox.launcher.win32.win32.x86_64_1.2.900.v20240213-1244\eclipse_11900.dll
0x00007ffa01700000 - 0x00007ffa0182b000 	C:\Windows\System32\ole32.dll

dbghelp: loaded successfully - version: 4.0.5 - missing functions: none
symbol engine: initialized successfully - sym options: 0x614 - pdb path: .;c:\Users\ad\.vscode\extensions\redhat.java-1.30.0-win32-x64\jre\17.0.10-win32-x86_64\bin;C:\Windows\SYSTEM32;C:\Windows\WinSxS\amd64_microsoft.windows.common-controls_6595b64144ccf1df_6.0.19041.3636_none_60b6a03d71f818d5;c:\Users\ad\.vscode\extensions\redhat.java-1.30.0-win32-x64\jre\17.0.10-win32-x86_64\bin\server;C:\Users\ad\AppData\Roaming\Code\User\globalStorage\redhat.java\1.30.0\config_ss_win\org.eclipse.equinox.launcher\org.eclipse.equinox.launcher.win32.win32.x86_64_1.2.900.v20240213-1244

VM Arguments:
jvm_args: --add-modules=ALL-SYSTEM --add-opens=java.base/java.util=ALL-UNNAMED --add-opens=java.base/java.lang=ALL-UNNAMED --add-opens=java.base/sun.nio.fs=ALL-UNNAMED -Declipse.application=org.eclipse.jdt.ls.core.id1 -Dosgi.bundles.defaultStartLevel=4 -Declipse.product=org.eclipse.jdt.ls.core.product -Djava.import.generatesMetadataFilesAtProjectRoot=false -DDetectVMInstallationsJob.disabled=true -Dfile.encoding=utf8 -XX:+UseParallelGC -XX:GCTimeRatio=4 -XX:AdaptiveSizePolicyWeight=90 -Dsun.zip.disableMemoryMapping=true -Xmx1G -Xms100m -Xlog:disable -javaagent:c:\Users\ad\.vscode\extensions\redhat.java-1.30.0-win32-x64\lombok\lombok-1.18.32.jar 
java_command: c:\Users\ad\.vscode\extensions\redhat.java-1.30.0-win32-x64\server\plugins\org.eclipse.equinox.launcher_1.6.800.v20240330-1250.jar -configuration c:\Users\ad\AppData\Roaming\Code\User\globalStorage\redhat.java\1.30.0\config_ss_win -data c:\Users\ad\AppData\Roaming\Code\User\workspaceStorage\5141195cbf08ab991431c901b3b18a4e\redhat.java\ss_ws --pipe=\\.\pipe\lsp-dccbaa79728e342822772e99258c23b8-sock
java_class_path (initial): c:\Users\ad\.vscode\extensions\redhat.java-1.30.0-win32-x64\server\plugins\org.eclipse.equinox.launcher_1.6.800.v20240330-1250.jar
Launcher Type: SUN_STANDARD

[Global flags]
    uintx AdaptiveSizePolicyWeight                 = 90                                        {product} {command line}
     intx CICompilerCount                          = 4                                         {product} {ergonomic}
    uintx GCTimeRatio                              = 4                                         {product} {command line}
   size_t InitialHeapSize                          = 104857600                                 {product} {command line}
   size_t MaxHeapSize                              = 1073741824                                {product} {command line}
   size_t MaxNewSize                               = 357564416                                 {product} {ergonomic}
   size_t MinHeapDeltaBytes                        = 524288                                    {product} {ergonomic}
   size_t MinHeapSize                              = 104857600                                 {product} {command line}
   size_t NewSize                                  = 34603008                                  {product} {ergonomic}
    uintx NonNMethodCodeHeapSize                   = 5839372                                {pd product} {ergonomic}
    uintx NonProfiledCodeHeapSize                  = 122909434                              {pd product} {ergonomic}
   size_t OldSize                                  = 70254592                                  {product} {ergonomic}
    uintx ProfiledCodeHeapSize                     = 122909434                              {pd product} {ergonomic}
    uintx ReservedCodeCacheSize                    = 251658240                              {pd product} {ergonomic}
     bool SegmentedCodeCache                       = true                                      {product} {ergonomic}
   size_t SoftMaxHeapSize                          = 1073741824                             {manageable} {ergonomic}
     bool UseCompressedClassPointers               = true                           {product lp64_product} {ergonomic}
     bool UseCompressedOops                        = true                           {product lp64_product} {ergonomic}
     bool UseLargePagesIndividualAllocation        = false                                  {pd product} {ergonomic}
     bool UseParallelGC                            = true                                      {product} {command line}

Logging:
Log output configuration:
 #0: stdout all=off uptime,level,tags
 #1: stderr all=off uptime,level,tags

Environment Variables:
PATH=C:\Program Files (x86)\VMware\VMware Workstation\bin\;C:\Program Files\Common Files\Oracle\Java\javapath;C:\Windows\system32;C:\Windows;C:\Windows\System32\Wbem;C:\Windows\System32\WindowsPowerShell\v1.0\;C:\Windows\System32\OpenSSH\;C:\Program Files\Microsoft SQL Server\Client SDK\ODBC\170\Tools\Binn\;C:\Program Files (x86)\Microsoft SQL Server\150\Tools\Binn\;C:\Program Files\Microsoft SQL Server\150\Tools\Binn\;C:\Program Files\Microsoft SQL Server\150\DTS\Binn\;C:\Program Files\Azure Data Studio\bin;C:\Program Files (x86)\Intel\Intel(R) Management Engine Components\DAL;C:\Program Files\Intel\Intel(R) Management Engine Components\DAL;C:\Program Files\Cloudflare\Cloudflare WARP\;C:\Program Files\dotnet\;C:\MinGW\bin;C:\Program Files\Git\cmd;C:\Program Files (x86)\Microsoft SQL Server\150\DTS\Binn\;C:\Program Files\nodejs\;C:\Program Files\Docker\Docker\resources\bin;C:\Users\ad\AppData\Local\Programs\Python\Python310\Scripts\;C:\Users\ad\AppData\Local\Programs\Python\Python310\;C:\Users\ad\AppData\Local\Microsoft\WindowsApps;C:\VSCode\Microsoft VS Code\bin;C:\Program Files\Azure Data Studio\bin;C:\Program Files\JetBrains\PyCharm Community Edition 2022.2.2\bin;;C:\Program Files\JetBrains\IntelliJ IDEA Community Edition 2023.1.1\bin;;C:\Users\ad\AppData\Roaming\npm;C:\Users\ad\.dotnet\tools;D:\Applications\ffmpeg\ffmpeg\bin;
USERNAME=ad
OS=Windows_NT
PROCESSOR_IDENTIFIER=Intel64 Family 6 Model 142 Stepping 10, GenuineIntel
TMP=C:\Users\ad\AppData\Local\Temp
TEMP=C:\Users\ad\AppData\Local\Temp



Periodic native trim disabled


---------------  S Y S T E M  ---------------

OS:
 Windows 10 , 64 bit Build 19041 (10.0.19041.3636)
OS uptime: 2 days 17:22 hours

CPU: total 8 (initial active 8) (4 cores per cpu, 2 threads per core) family 6 model 142 stepping 10 microcode 0xec, cx8, cmov, fxsr, ht, mmx, 3dnowpref, sse, sse2, sse3, ssse3, sse4.1, sse4.2, popcnt, lzcnt, tsc, tscinvbit, avx, avx2, aes, erms, clmul, bmi1, bmi2, adx, fma, vzeroupper, clflush, clflushopt
Processor Information for all 8 processors :
  Max Mhz: 1800, Current Mhz: 1600, Mhz Limit: 1584

Memory: 4k page, system-wide physical 16248M (401M free)
TotalPageFile size 44787M (AvailPageFile size 6M)
current process WorkingSet (physical memory assigned to process): 104M, peak: 104M
current process commit charge ("private bytes"): 217M, peak: 217M

vm_info: OpenJDK 64-Bit Server VM (17.0.10+7) for windows-amd64 JRE (17.0.10+7), built on Jan 16 2024 23:25:11 by "admin" with MS VC++ 16.10 / 16.11 (VS2019)

END.
