#
# There is insufficient memory for the Java Runtime Environment to continue.
# Native memory allocation (malloc) failed to allocate 149616 bytes for Chunk::new
# Possible reasons:
#   The system is out of physical RAM or swap space
#   The process is running with CompressedOops enabled, and the Java Heap may be blocking the growth of the native heap
# Possible solutions:
#   Reduce memory load on the system
#   Increase physical memory or swap space
#   Check if swap backing store is full
#   Decrease Java heap size (-Xmx/-Xms)
#   Decrease number of Java threads
#   Decrease Java thread stack sizes (-Xss)
#   Set larger code cache with -XX:ReservedCodeCacheSize=
#   JVM is running with Unscaled Compressed Oops mode in which the Java heap is
#     placed in the first 4GB address space. The Java Heap base address is the
#     maximum limit for the native heap growth. Please use -XX:HeapBaseMinAddress
#     to set the Java Heap base and to place the Java Heap above 4GB virtual address.
# This output file may be truncated or incomplete.
#
#  Out of Memory Error (arena.cpp:191), pid=16704, tid=1224
#
# JRE version: OpenJDK Runtime Environment Temurin-17.0.10+7 (17.0.10+7) (build 17.0.10+7)
# Java VM: OpenJDK 64-Bit Server VM Temurin-17.0.10+7 (17.0.10+7, mixed mode, tiered, compressed oops, compressed class ptrs, parallel gc, windows-amd64)
# No core dump will be written. Minidumps are not enabled by default on client versions of Windows
#

---------------  S U M M A R Y ------------

Command Line: --add-modules=ALL-SYSTEM --add-opens=java.base/java.util=ALL-UNNAMED --add-opens=java.base/java.lang=ALL-UNNAMED --add-opens=java.base/sun.nio.fs=ALL-UNNAMED -Declipse.application=org.eclipse.jdt.ls.core.id1 -Dosgi.bundles.defaultStartLevel=4 -Declipse.product=org.eclipse.jdt.ls.core.product -Djava.import.generatesMetadataFilesAtProjectRoot=false -DDetectVMInstallationsJob.disabled=true -Dfile.encoding=utf8 -XX:+UseParallelGC -XX:GCTimeRatio=4 -XX:AdaptiveSizePolicyWeight=90 -Dsun.zip.disableMemoryMapping=true -Xmx1G -Xms100m -Xlog:disable -javaagent:c:\Users\ad\.vscode\extensions\redhat.java-1.30.0-win32-x64\lombok\lombok-1.18.32.jar c:\Users\ad\.vscode\extensions\redhat.java-1.30.0-win32-x64\server\plugins\org.eclipse.equinox.launcher_1.6.800.v20240330-1250.jar -configuration c:\Users\ad\AppData\Roaming\Code\User\globalStorage\redhat.java\1.30.0\config_ss_win -data c:\Users\ad\AppData\Roaming\Code\User\workspaceStorage\5141195cbf08ab991431c901b3b18a4e\redhat.java\ss_ws --pipe=\\.\pipe\lsp-ce1199bf58abecc289106dca15d2ec9d-sock

Host: Intel(R) Core(TM) i5-8250U CPU @ 1.60GHz, 8 cores, 15G,  Windows 10 , 64 bit Build 19041 (10.0.19041.3636)
Time: Wed May 15 16:05:56 2024 SE Asia Standard Time elapsed time: 1.699777 seconds (0d 0h 0m 1s)

---------------  T H R E A D  ---------------

Current thread (0x00000211e35f7300):  JavaThread "C2 CompilerThread1" daemon [_thread_in_native, id=1224, stack(0x000000e903500000,0x000000e903600000)]


Current CompileTask:
C2:   1699 1338       4       java.util.HashMap::putVal (300 bytes)

Stack: [0x000000e903500000,0x000000e903600000]
Native frames: (J=compiled Java code, j=interpreted, Vv=VM code, C=native code)
V  [jvm.dll+0x67d2c9]
V  [jvm.dll+0x834afa]
V  [jvm.dll+0x8365be]
V  [jvm.dll+0x836c23]
V  [jvm.dll+0x2477ff]
V  [jvm.dll+0xac514]
V  [jvm.dll+0xacb5c]
V  [jvm.dll+0x2aed1f]
V  [jvm.dll+0x584b67]
V  [jvm.dll+0x2228a2]
V  [jvm.dll+0x222c8f]
V  [jvm.dll+0x21bdb6]
V  [jvm.dll+0x219201]
V  [jvm.dll+0x1a502d]
V  [jvm.dll+0x2290de]
V  [jvm.dll+0x2272ac]
V  [jvm.dll+0x7e9bb7]
V  [jvm.dll+0x7e3fba]
V  [jvm.dll+0x67c1b5]
C  [ucrtbase.dll+0x21bb2]
C  [KERNEL32.DLL+0x17344]
C  [ntdll.dll+0x526b1]


---------------  P R O C E S S  ---------------

Threads class SMR info:
_java_thread_list=0x00000211e4b71b40, length=15, elements={
0x00000211c81845e0, 0x00000211c8236490, 0x00000211ddf3e8c0, 0x00000211e3267150,
0x00000211e3267ee0, 0x00000211e3268c70, 0x00000211e326c560, 0x00000211e326d210,
0x00000211e32bcaf0, 0x00000211e32cf7a0, 0x00000211e3365770, 0x00000211e35e57c0,
0x00000211e35f7300, 0x00000211e4522530, 0x00000211e5b07090
}

Java Threads: ( => current thread )
  0x00000211c81845e0 JavaThread "main" [_thread_in_vm, id=15520, stack(0x000000e902600000,0x000000e902700000)]
  0x00000211c8236490 JavaThread "Reference Handler" daemon [_thread_blocked, id=13976, stack(0x000000e902900000,0x000000e902a00000)]
  0x00000211ddf3e8c0 JavaThread "Finalizer" daemon [_thread_blocked, id=11488, stack(0x000000e902a00000,0x000000e902b00000)]
  0x00000211e3267150 JavaThread "Signal Dispatcher" daemon [_thread_blocked, id=15672, stack(0x000000e902b00000,0x000000e902c00000)]
  0x00000211e3267ee0 JavaThread "Attach Listener" daemon [_thread_blocked, id=17404, stack(0x000000e902c00000,0x000000e902d00000)]
  0x00000211e3268c70 JavaThread "Service Thread" daemon [_thread_blocked, id=11716, stack(0x000000e902d00000,0x000000e902e00000)]
  0x00000211e326c560 JavaThread "Monitor Deflation Thread" daemon [_thread_blocked, id=1984, stack(0x000000e902e00000,0x000000e902f00000)]
  0x00000211e326d210 JavaThread "C2 CompilerThread0" daemon [_thread_blocked, id=10716, stack(0x000000e902f00000,0x000000e903000000)]
  0x00000211e32bcaf0 JavaThread "C1 CompilerThread0" daemon [_thread_in_native, id=12348, stack(0x000000e903000000,0x000000e903100000)]
  0x00000211e32cf7a0 JavaThread "Sweeper thread" daemon [_thread_blocked, id=3408, stack(0x000000e903100000,0x000000e903200000)]
  0x00000211e3365770 JavaThread "Common-Cleaner" daemon [_thread_blocked, id=14220, stack(0x000000e903200000,0x000000e903300000)]
  0x00000211e35e57c0 JavaThread "Notification Thread" daemon [_thread_blocked, id=13652, stack(0x000000e903300000,0x000000e903400000)]
=>0x00000211e35f7300 JavaThread "C2 CompilerThread1" daemon [_thread_in_native, id=1224, stack(0x000000e903500000,0x000000e903600000)]
  0x00000211e4522530 JavaThread "C2 CompilerThread2" daemon [_thread_blocked, id=10720, stack(0x000000e903600000,0x000000e903700000)]
  0x00000211e5b07090 JavaThread "Active Thread: Equinox Container: 937bfe8a-d522-45b3-b34e-9f3112b37349" [_thread_blocked, id=16744, stack(0x000000e903d00000,0x000000e903e00000)]

Other Threads:
  0x00000211e3231c30 VMThread "VM Thread" [stack: 0x000000e902800000,0x000000e902900000] [id=4388]
  0x00000211e35b2f30 WatcherThread [stack: 0x000000e903400000,0x000000e903500000] [id=14756]
  0x00000211c819ac00 GCTaskThread "GC Thread#0" [stack: 0x000000e902700000,0x000000e902800000] [id=12476]
  0x00000211e49709e0 GCTaskThread "GC Thread#1" [stack: 0x000000e903700000,0x000000e903800000] [id=520]
  0x00000211e437ac80 GCTaskThread "GC Thread#2" [stack: 0x000000e903800000,0x000000e903900000] [id=936]
  0x00000211e490fda0 GCTaskThread "GC Thread#3" [stack: 0x000000e903900000,0x000000e903a00000] [id=13364]
  0x00000211e4910060 GCTaskThread "GC Thread#4" [stack: 0x000000e903a00000,0x000000e903b00000] [id=3896]
  0x00000211e4910320 GCTaskThread "GC Thread#5" [stack: 0x000000e903b00000,0x000000e903c00000] [id=6140]
  0x00000211e49105e0 GCTaskThread "GC Thread#6" [stack: 0x000000e903c00000,0x000000e903d00000] [id=15252]

Threads with active compile tasks:
C2 CompilerThread1     1754 1338       4       java.util.HashMap::putVal (300 bytes)

VM state: not at safepoint (normal execution)

VM Mutex/Monitor currently owned by a thread:  ([mutex/lock_event])
[0x00000211c817fae0] Metaspace_lock - owner thread: 0x00000211c81845e0

Heap address: 0x00000000c0000000, size: 1024 MB, Compressed Oops mode: 32-bit

CDS archive(s) not mapped
Compressed class space mapped at: 0x0000000100000000-0x0000000140000000, reserved size: 1073741824
Narrow klass base: 0x0000000000000000, Narrow klass shift: 3, Narrow klass range: 0x140000000

GC Precious Log:
 CPUs: 8 total, 8 available
 Memory: 16248M
 Large Page Support: Disabled
 NUMA Support: Disabled
 Compressed Oops: Enabled (32-bit)
 Alignments: Space 512K, Generation 512K, Heap 2M
 Heap Min Capacity: 100M
 Heap Initial Capacity: 100M
 Heap Max Capacity: 1G
 Pre-touch: Disabled
 Parallel Workers: 8

Heap:
 PSYoungGen      total 29696K, used 21625K [0x00000000eab00000, 0x00000000ecc00000, 0x0000000100000000)
  eden space 25600K, 72% used [0x00000000eab00000,0x00000000ebd09440,0x00000000ec400000)
  from space 4096K, 77% used [0x00000000ec400000,0x00000000ec715298,0x00000000ec800000)
  to   space 4096K, 0% used [0x00000000ec800000,0x00000000ec800000,0x00000000ecc00000)
 ParOldGen       total 68608K, used 16K [0x00000000c0000000, 0x00000000c4300000, 0x00000000eab00000)
  object space 68608K, 0% used [0x00000000c0000000,0x00000000c0004000,0x00000000c4300000)
 Metaspace       used 13663K, committed 13824K, reserved 1114112K
  class space    used 1353K, committed 1472K, reserved 1048576K

Card table byte_map: [0x00000211db7d0000,0x00000211db9e0000] _byte_map_base: 0x00000211db1d0000

Marking Bits: (ParMarkBitMap*) 0x00007ff9af3cd7d0
 Begin Bits: [0x00000211dbb40000, 0x00000211dcb40000)
 End Bits:   [0x00000211dcb40000, 0x00000211ddb40000)

Polling page: 0x00000211c7ff0000

Metaspace:

Usage:
  Non-class:     12.02 MB used.
      Class:      1.32 MB used.
       Both:     13.34 MB used.

Virtual space:
  Non-class space:       64.00 MB reserved,      12.06 MB ( 19%) committed,  1 nodes.
      Class space:        1.00 GB reserved,       1.44 MB ( <1%) committed,  1 nodes.
             Both:        1.06 GB reserved,      13.50 MB (  1%) committed. 

Chunk freelists:
   Non-Class:  3.36 MB
       Class:  14.48 MB
        Both:  17.84 MB

MaxMetaspaceSize: unlimited
CompressedClassSpaceSize: 1.00 GB
Initial GC threshold: 21.00 MB
Current GC threshold: 21.00 MB
CDS: off
MetaspaceReclaimPolicy: balanced
 - commit_granule_bytes: 65536.
 - commit_granule_words: 8192.
 - virtual_space_node_default_size: 8388608.
 - enlarge_chunks_in_place: 1.
 - new_chunks_are_fully_committed: 0.
 - uncommit_free_chunks: 1.
 - use_allocation_guard: 0.
 - handle_deallocations: 1.


Internal statistics:

num_allocs_failed_limit: 0.
num_arena_births: 54.
num_arena_deaths: 0.
num_vsnodes_births: 2.
num_vsnodes_deaths: 0.
num_space_committed: 216.
num_space_uncommitted: 0.
num_chunks_returned_to_freelist: 0.
num_chunks_taken_from_freelist: 219.
num_chunk_merges: 0.
num_chunk_splits: 149.
num_chunks_enlarged: 119.
num_inconsistent_stats: 0.

CodeHeap 'non-profiled nmethods': size=120000Kb used=598Kb max_used=598Kb free=119401Kb
 bounds [0x00000211d40c0000, 0x00000211d4330000, 0x00000211db5f0000]
CodeHeap 'profiled nmethods': size=120000Kb used=2548Kb max_used=2548Kb free=117451Kb
 bounds [0x00000211cc5f0000, 0x00000211cc870000, 0x00000211d3b20000]
CodeHeap 'non-nmethods': size=5760Kb used=1157Kb max_used=1187Kb free=4602Kb
 bounds [0x00000211d3b20000, 0x00000211d3d90000, 0x00000211d40c0000]
 total_blobs=1842 nmethods=1392 adapters=364
 compilation: enabled
              stopped_count=0, restarted_count=0
 full_count=0

Compilation events (20 events):
Event: 1.675 Thread 0x00000211e32bcaf0 1332       3       java.lang.Class::descriptorString (170 bytes)
Event: 1.676 Thread 0x00000211e35f7300 nmethod 1331 0x00000211d414b790 code [0x00000211d414b920, 0x00000211d414bad8]
Event: 1.677 Thread 0x00000211e35f7300 1333       4       java.util.HashMap::get (19 bytes)
Event: 1.677 Thread 0x00000211e326d210 1334       4       java.lang.StringLatin1::toUpperCase (186 bytes)
Event: 1.677 Thread 0x00000211e32bcaf0 nmethod 1332 0x00000211cc841910 code [0x00000211cc841de0, 0x00000211cc8439d8]
Event: 1.679 Thread 0x00000211e32bcaf0 1335   !   3       java.util.jar.JarVerifier::processEntry (440 bytes)
Event: 1.684 Thread 0x00000211e32bcaf0 nmethod 1335 0x00000211cc844390 code [0x00000211cc844860, 0x00000211cc846fc8]
Event: 1.684 Thread 0x00000211e32bcaf0 1336       3       sun.security.util.ManifestEntryVerifier::verify (459 bytes)
Event: 1.686 Thread 0x00000211e35f7300 nmethod 1333 0x00000211d414bb90 code [0x00000211d414bd40, 0x00000211d414c278]
Event: 1.686 Thread 0x00000211e35f7300 1338       4       java.util.HashMap::putVal (300 bytes)
Event: 1.688 Thread 0x00000211e32bcaf0 nmethod 1336 0x00000211cc848290 code [0x00000211cc848740, 0x00000211cc84abf8]
Event: 1.688 Thread 0x00000211e32bcaf0 1337       3       java.util.jar.JarVerifier::mapSignersToCertArray (68 bytes)
Event: 1.688 Thread 0x00000211e32bcaf0 nmethod 1337 0x00000211cc84b990 code [0x00000211cc84bba0, 0x00000211cc84c218]
Event: 1.689 Thread 0x00000211e32bcaf0 1339       1       org.eclipse.osgi.internal.framework.EquinoxContainer::getConfiguration (5 bytes)
Event: 1.689 Thread 0x00000211e32bcaf0 nmethod 1339 0x00000211d414c590 code [0x00000211d414c720, 0x00000211d414c7f8]
Event: 1.690 Thread 0x00000211e32bcaf0 1340       3       sun.net.www.protocol.jar.Handler::parseContextSpec (150 bytes)
Event: 1.692 Thread 0x00000211e32bcaf0 nmethod 1340 0x00000211cc84c510 code [0x00000211cc84c9a0, 0x00000211cc84e638]
Event: 1.692 Thread 0x00000211e32bcaf0 1341       3       sun.net.www.protocol.jar.Handler::canonicalizeString (72 bytes)
Event: 1.694 Thread 0x00000211e4522530 nmethod 1290 0x00000211d414c890 code [0x00000211d414cb40, 0x00000211d414e0f0]
Event: 1.694 Thread 0x00000211e32bcaf0 nmethod 1341 0x00000211cc84f090 code [0x00000211cc84f380, 0x00000211cc850208]

GC Heap History (2 events):
Event: 1.278 GC heap before
{Heap before GC invocations=1 (full 0):
 PSYoungGen      total 29696K, used 25600K [0x00000000eab00000, 0x00000000ecc00000, 0x0000000100000000)
  eden space 25600K, 100% used [0x00000000eab00000,0x00000000ec400000,0x00000000ec400000)
  from space 4096K, 0% used [0x00000000ec800000,0x00000000ec800000,0x00000000ecc00000)
  to   space 4096K, 0% used [0x00000000ec400000,0x00000000ec400000,0x00000000ec800000)
 ParOldGen       total 68608K, used 0K [0x00000000c0000000, 0x00000000c4300000, 0x00000000eab00000)
  object space 68608K, 0% used [0x00000000c0000000,0x00000000c0000000,0x00000000c4300000)
 Metaspace       used 10977K, committed 11200K, reserved 1114112K
  class space    used 1096K, committed 1216K, reserved 1048576K
}
Event: 1.285 GC heap after
{Heap after GC invocations=1 (full 0):
 PSYoungGen      total 29696K, used 3156K [0x00000000eab00000, 0x00000000ecc00000, 0x0000000100000000)
  eden space 25600K, 0% used [0x00000000eab00000,0x00000000eab00000,0x00000000ec400000)
  from space 4096K, 77% used [0x00000000ec400000,0x00000000ec715298,0x00000000ec800000)
  to   space 4096K, 0% used [0x00000000ec800000,0x00000000ec800000,0x00000000ecc00000)
 ParOldGen       total 68608K, used 16K [0x00000000c0000000, 0x00000000c4300000, 0x00000000eab00000)
  object space 68608K, 0% used [0x00000000c0000000,0x00000000c0004000,0x00000000c4300000)
 Metaspace       used 10977K, committed 11200K, reserved 1114112K
  class space    used 1096K, committed 1216K, reserved 1048576K
}

Dll operation events (8 events):
Event: 0.014 Loaded shared library c:\Users\ad\.vscode\extensions\redhat.java-1.30.0-win32-x64\jre\17.0.10-win32-x86_64\bin\java.dll
Event: 0.302 Loaded shared library c:\Users\ad\.vscode\extensions\redhat.java-1.30.0-win32-x64\jre\17.0.10-win32-x86_64\bin\zip.dll
Event: 0.307 Loaded shared library C:\Users\ad\.vscode\extensions\redhat.java-1.30.0-win32-x64\jre\17.0.10-win32-x86_64\bin\instrument.dll
Event: 0.332 Loaded shared library C:\Users\ad\.vscode\extensions\redhat.java-1.30.0-win32-x64\jre\17.0.10-win32-x86_64\bin\net.dll
Event: 0.336 Loaded shared library C:\Users\ad\.vscode\extensions\redhat.java-1.30.0-win32-x64\jre\17.0.10-win32-x86_64\bin\nio.dll
Event: 0.349 Loaded shared library C:\Users\ad\.vscode\extensions\redhat.java-1.30.0-win32-x64\jre\17.0.10-win32-x86_64\bin\zip.dll
Event: 0.378 Loaded shared library C:\Users\ad\.vscode\extensions\redhat.java-1.30.0-win32-x64\jre\17.0.10-win32-x86_64\bin\jimage.dll
Event: 0.499 Loaded shared library c:\Users\ad\.vscode\extensions\redhat.java-1.30.0-win32-x64\jre\17.0.10-win32-x86_64\bin\verify.dll

Deoptimization events (20 events):
Event: 1.448 Thread 0x00000211c81845e0 DEOPT PACKING pc=0x00000211cc6612c5 sp=0x000000e9026f7740
Event: 1.448 Thread 0x00000211c81845e0 DEOPT UNPACKING pc=0x00000211d3b76e43 sp=0x000000e9026f6bf0 mode 0
Event: 1.464 Thread 0x00000211c81845e0 DEOPT PACKING pc=0x00000211cc6612c5 sp=0x000000e9026f38e0
Event: 1.465 Thread 0x00000211c81845e0 DEOPT UNPACKING pc=0x00000211d3b76e43 sp=0x000000e9026f2d90 mode 0
Event: 1.477 Thread 0x00000211c81845e0 Uncommon trap: trap_request=0xffffffc6 fr.pc=0x00000211d40eba60 relative=0x00000000000002c0
Event: 1.477 Thread 0x00000211c81845e0 Uncommon trap: reason=bimorphic_or_optimized_type_check action=maybe_recompile pc=0x00000211d40eba60 method=java.util.Collections$UnmodifiableCollection$1.next()Ljava/lang/Object; @ 4 c2
Event: 1.477 Thread 0x00000211c81845e0 DEOPT PACKING pc=0x00000211d40eba60 sp=0x000000e9026f7e70
Event: 1.477 Thread 0x00000211c81845e0 DEOPT UNPACKING pc=0x00000211d3b766a3 sp=0x000000e9026f7e20 mode 2
Event: 1.477 Thread 0x00000211c81845e0 Uncommon trap: trap_request=0xffffffc6 fr.pc=0x00000211d40eba60 relative=0x00000000000002c0
Event: 1.477 Thread 0x00000211c81845e0 Uncommon trap: reason=bimorphic_or_optimized_type_check action=maybe_recompile pc=0x00000211d40eba60 method=java.util.Collections$UnmodifiableCollection$1.next()Ljava/lang/Object; @ 4 c2
Event: 1.477 Thread 0x00000211c81845e0 DEOPT PACKING pc=0x00000211d40eba60 sp=0x000000e9026f7e70
Event: 1.477 Thread 0x00000211c81845e0 DEOPT UNPACKING pc=0x00000211d3b766a3 sp=0x000000e9026f7e20 mode 2
Event: 1.675 Thread 0x00000211c81845e0 Uncommon trap: trap_request=0xffffffde fr.pc=0x00000211d412b8ac relative=0x000000000000096c
Event: 1.675 Thread 0x00000211c81845e0 Uncommon trap: reason=class_check action=maybe_recompile pc=0x00000211d412b8ac method=java.util.HashMap.putVal(ILjava/lang/Object;Ljava/lang/Object;ZZ)Ljava/lang/Object; @ 253 c2
Event: 1.676 Thread 0x00000211c81845e0 DEOPT PACKING pc=0x00000211d412b8ac sp=0x000000e9026fdca0
Event: 1.676 Thread 0x00000211c81845e0 DEOPT UNPACKING pc=0x00000211d3b766a3 sp=0x000000e9026fdc20 mode 2
Event: 1.678 Thread 0x00000211c81845e0 Uncommon trap: trap_request=0xffffffde fr.pc=0x00000211d412b8ac relative=0x000000000000096c
Event: 1.678 Thread 0x00000211c81845e0 Uncommon trap: reason=class_check action=maybe_recompile pc=0x00000211d412b8ac method=java.util.HashMap.putVal(ILjava/lang/Object;Ljava/lang/Object;ZZ)Ljava/lang/Object; @ 253 c2
Event: 1.678 Thread 0x00000211c81845e0 DEOPT PACKING pc=0x00000211d412b8ac sp=0x000000e9026fdca0
Event: 1.678 Thread 0x00000211c81845e0 DEOPT UNPACKING pc=0x00000211d3b766a3 sp=0x000000e9026fdc20 mode 2

Classes unloaded (0 events):
No events

Classes redefined (0 events):
No events

Internal exceptions (20 events):
Event: 0.894 Thread 0x00000211c81845e0 Exception <a 'java/io/FileNotFoundException'{0x00000000eb876048}> (0x00000000eb876048) 
thrown [s\src\hotspot\share\prims\jni.cpp, line 516]
Event: 0.895 Thread 0x00000211c81845e0 Exception <a 'java/io/FileNotFoundException'{0x00000000eb876cf0}> (0x00000000eb876cf0) 
thrown [s\src\hotspot\share\prims\jni.cpp, line 516]
Event: 0.904 Thread 0x00000211c81845e0 Implicit null exception at 0x00000211d40e2772 to 0x00000211d40e2cc0
Event: 0.911 Thread 0x00000211c81845e0 Exception <a 'java/io/FileNotFoundException'{0x00000000eb8b15b0}> (0x00000000eb8b15b0) 
thrown [s\src\hotspot\share\prims\jni.cpp, line 516]
Event: 1.166 Thread 0x00000211c81845e0 Exception <a 'java/lang/ClassNotFoundException'{0x00000000ec0ba988}: sun/net/www/protocol/c/Handler> (0x00000000ec0ba988) 
thrown [s\src\hotspot\share\classfile\systemDictionary.cpp, line 256]
Event: 1.166 Thread 0x00000211c81845e0 Exception <a 'java/lang/ClassNotFoundException'{0x00000000ec0bbd10}: sun/net/www/protocol/d/Handler> (0x00000000ec0bbd10) 
thrown [s\src\hotspot\share\classfile\systemDictionary.cpp, line 256]
Event: 1.166 Thread 0x00000211c81845e0 Exception <a 'java/lang/ClassNotFoundException'{0x00000000ec0bcf00}: sun/net/www/protocol/c/Handler> (0x00000000ec0bcf00) 
thrown [s\src\hotspot\share\classfile\systemDictionary.cpp, line 256]
Event: 1.176 Thread 0x00000211c81845e0 Exception <a 'java/io/FileNotFoundException'{0x00000000ec0e06e8}> (0x00000000ec0e06e8) 
thrown [s\src\hotspot\share\prims\jni.cpp, line 516]
Event: 1.215 Thread 0x00000211c81845e0 Implicit null exception at 0x00000211d411aa00 to 0x00000211d411b46c
Event: 1.216 Thread 0x00000211c81845e0 Implicit null exception at 0x00000211d41101ec to 0x00000211d41103ec
Event: 1.216 Thread 0x00000211c81845e0 Implicit null exception at 0x00000211d4108eec to 0x00000211d41090d8
Event: 1.216 Thread 0x00000211c81845e0 Implicit null exception at 0x00000211d410590f to 0x00000211d4105989
Event: 1.264 Thread 0x00000211c81845e0 Exception <a 'java/lang/NoSuchMethodError'{0x00000000ec3b42a0}: 'int java.lang.invoke.DirectMethodHandle$Holder.invokeStaticInit(java.lang.Object, java.lang.Object, java.lang.Object, java.lang.Object)'> (0x00000000ec3b42a0) 
thrown [s\src\hotspot\share\interpreter\linkResolver.cpp, line 759]
Event: 1.267 Thread 0x00000211c81845e0 Exception <a 'java/lang/NoSuchMethodError'{0x00000000ec3be910}: 'java.lang.Object java.lang.invoke.DirectMethodHandle$Holder.invokeInterface(java.lang.Object, java.lang.Object)'> (0x00000000ec3be910) 
thrown [s\src\hotspot\share\interpreter\linkResolver.cpp, line 759]
Event: 1.267 Thread 0x00000211c81845e0 Exception <a 'java/lang/IncompatibleClassChangeError'{0x00000000ec3c2108}: Found class java.lang.Object, but interface was expected> (0x00000000ec3c2108) 
thrown [s\src\hotspot\share\interpreter\linkResolver.cpp, line 826]
Event: 1.268 Thread 0x00000211c81845e0 Exception <a 'java/lang/NoSuchMethodError'{0x00000000ec3c65f8}: 'void java.lang.invoke.DirectMethodHandle$Holder.invokeStatic(java.lang.Object, java.lang.Object)'> (0x00000000ec3c65f8) 
thrown [s\src\hotspot\share\interpreter\linkResolver.cpp, line 759]
Event: 1.268 Thread 0x00000211c81845e0 Exception <a 'java/lang/NoSuchMethodError'{0x00000000ec3c9df8}: 'void java.lang.invoke.DirectMethodHandle$Holder.invokeStaticInit(java.lang.Object, java.lang.Object)'> (0x00000000ec3c9df8) 
thrown [s\src\hotspot\share\interpreter\linkResolver.cpp, line 759]
Event: 1.270 Thread 0x00000211c81845e0 Exception <a 'java/lang/NoSuchMethodError'{0x00000000ec3d1288}: 'int java.lang.invoke.DirectMethodHandle$Holder.invokeStaticInit(java.lang.Object, java.lang.Object)'> (0x00000000ec3d1288) 
thrown [s\src\hotspot\share\interpreter\linkResolver.cpp, line 759]
Event: 1.316 Thread 0x00000211c81845e0 Exception <a 'java/lang/NoSuchMethodError'{0x00000000eabfbc50}: 'void java.lang.invoke.DirectMethodHandle$Holder.invokeSpecial(java.lang.Object, java.lang.Object, java.lang.Object)'> (0x00000000eabfbc50) 
thrown [s\src\hotspot\share\interpreter\linkResolver.cpp, line 759]
Event: 1.655 Thread 0x00000211c81845e0 Exception <a 'java/lang/NoSuchMethodError'{0x00000000eb8af598}: 'java.lang.Object java.lang.invoke.DirectMethodHandle$Holder.newInvokeSpecial(java.lang.Object, int, java.lang.Object)'> (0x00000000eb8af598) 
thrown [s\src\hotspot\share\interpreter\linkResolver.cpp, line 759]

VM Operations (20 events):
Event: 0.271 Executing VM operation: HandshakeAllThreads
Event: 0.272 Executing VM operation: HandshakeAllThreads done
Event: 0.408 Executing VM operation: HandshakeAllThreads
Event: 0.408 Executing VM operation: HandshakeAllThreads done
Event: 0.851 Executing VM operation: HandshakeAllThreads
Event: 0.851 Executing VM operation: HandshakeAllThreads done
Event: 0.874 Executing VM operation: HandshakeAllThreads
Event: 0.874 Executing VM operation: HandshakeAllThreads done
Event: 1.128 Executing VM operation: ICBufferFull
Event: 1.128 Executing VM operation: ICBufferFull done
Event: 1.278 Executing VM operation: ParallelGCFailedAllocation
Event: 1.285 Executing VM operation: ParallelGCFailedAllocation done
Event: 1.620 Executing VM operation: HandshakeAllThreads
Event: 1.620 Executing VM operation: HandshakeAllThreads done
Event: 1.621 Executing VM operation: HandshakeAllThreads
Event: 1.621 Executing VM operation: HandshakeAllThreads done
Event: 1.630 Executing VM operation: HandshakeAllThreads
Event: 1.630 Executing VM operation: HandshakeAllThreads done
Event: 1.648 Executing VM operation: HandshakeAllThreads
Event: 1.648 Executing VM operation: HandshakeAllThreads done

Events (20 events):
Event: 1.609 loading class java/util/concurrent/locks/AbstractQueuedSynchronizer$Node done
Event: 1.609 loading class java/util/concurrent/locks/AbstractQueuedSynchronizer$ConditionNode done
Event: 1.609 loading class java/util/concurrent/locks/AbstractQueuedSynchronizer$ExclusiveNode
Event: 1.609 loading class java/util/concurrent/locks/AbstractQueuedSynchronizer$ExclusiveNode done
Event: 1.609 loading class java/lang/ApplicationShutdownHooks
Event: 1.609 loading class java/lang/ApplicationShutdownHooks done
Event: 1.609 loading class java/lang/ApplicationShutdownHooks$1
Event: 1.610 loading class java/lang/ApplicationShutdownHooks$1 done
Event: 1.629 loading class java/util/ArrayList$ListItr
Event: 1.630 loading class java/util/ArrayList$ListItr done
Event: 1.647 loading class java/util/LinkedList
Event: 1.647 loading class java/util/AbstractSequentialList
Event: 1.648 loading class java/util/AbstractSequentialList done
Event: 1.648 loading class java/util/LinkedList done
Event: 1.678 loading class java/util/ConcurrentModificationException
Event: 1.678 loading class java/util/ConcurrentModificationException done
Event: 1.685 loading class java/net/ContentHandlerFactory
Event: 1.685 loading class java/net/ContentHandlerFactory done
Event: 1.691 loading class java/net/ContentHandler
Event: 1.691 loading class java/net/ContentHandler done


Dynamic libraries:
0x00007ff7cf260000 - 0x00007ff7cf26e000 	c:\Users\ad\.vscode\extensions\redhat.java-1.30.0-win32-x64\jre\17.0.10-win32-x86_64\bin\java.exe
0x00007ffa036d0000 - 0x00007ffa038c8000 	C:\Windows\SYSTEM32\ntdll.dll
0x00007ffa01c00000 - 0x00007ffa01cbd000 	C:\Windows\System32\KERNEL32.DLL
0x00007ffa013d0000 - 0x00007ffa016c6000 	C:\Windows\System32\KERNELBASE.dll
0x00007ffa012d0000 - 0x00007ffa013d0000 	C:\Windows\System32\ucrtbase.dll
0x00007ff9f9910000 - 0x00007ff9f992b000 	c:\Users\ad\.vscode\extensions\redhat.java-1.30.0-win32-x64\jre\17.0.10-win32-x86_64\bin\VCRUNTIME140.dll
0x00007ff9f7860000 - 0x00007ff9f7877000 	c:\Users\ad\.vscode\extensions\redhat.java-1.30.0-win32-x64\jre\17.0.10-win32-x86_64\bin\jli.dll
0x00007ffa01dc0000 - 0x00007ffa01f5f000 	C:\Windows\System32\USER32.dll
0x00007ff9ea150000 - 0x00007ff9ea3ea000 	C:\Windows\WinSxS\amd64_microsoft.windows.common-controls_6595b64144ccf1df_6.0.19041.3636_none_60b6a03d71f818d5\COMCTL32.dll
0x00007ffa016d0000 - 0x00007ffa016f2000 	C:\Windows\System32\win32u.dll
0x00007ffa027f0000 - 0x00007ffa0288e000 	C:\Windows\System32\msvcrt.dll
0x00007ffa02a70000 - 0x00007ffa02a9b000 	C:\Windows\System32\GDI32.dll
0x00007ffa01060000 - 0x00007ffa01177000 	C:\Windows\System32\gdi32full.dll
0x00007ffa00d80000 - 0x00007ffa00e1d000 	C:\Windows\System32\msvcp_win.dll
0x00007ffa01d20000 - 0x00007ffa01d52000 	C:\Windows\System32\IMM32.DLL
0x00007ff9faef0000 - 0x00007ff9faefc000 	c:\Users\ad\.vscode\extensions\redhat.java-1.30.0-win32-x64\jre\17.0.10-win32-x86_64\bin\vcruntime140_1.dll
0x00007ff9c80d0000 - 0x00007ff9c815d000 	c:\Users\ad\.vscode\extensions\redhat.java-1.30.0-win32-x64\jre\17.0.10-win32-x86_64\bin\msvcp140.dll
0x00007ff9ae830000 - 0x00007ff9af492000 	c:\Users\ad\.vscode\extensions\redhat.java-1.30.0-win32-x64\jre\17.0.10-win32-x86_64\bin\server\jvm.dll
0x00007ffa02890000 - 0x00007ffa02940000 	C:\Windows\System32\ADVAPI32.dll
0x00007ffa02d40000 - 0x00007ffa02de0000 	C:\Windows\System32\sechost.dll
0x00007ffa02940000 - 0x00007ffa02a63000 	C:\Windows\System32\RPCRT4.dll
0x00007ffa01180000 - 0x00007ffa011a7000 	C:\Windows\System32\bcrypt.dll
0x00007ffa00c60000 - 0x00007ffa00cab000 	C:\Windows\SYSTEM32\POWRPROF.dll
0x00007ff9f0610000 - 0x00007ff9f0619000 	C:\Windows\SYSTEM32\WSOCK32.dll
0x00007ffa02de0000 - 0x00007ffa02e4b000 	C:\Windows\System32\WS2_32.dll
0x00007ff9e7020000 - 0x00007ff9e7047000 	C:\Windows\SYSTEM32\WINMM.dll
0x00007ff9fa840000 - 0x00007ff9fa84a000 	C:\Windows\SYSTEM32\VERSION.dll
0x00007ffa00c40000 - 0x00007ffa00c52000 	C:\Windows\SYSTEM32\UMPDC.dll
0x00007ff9ff5f0000 - 0x00007ff9ff602000 	C:\Windows\SYSTEM32\kernel.appcore.dll
0x00007ff9fad70000 - 0x00007ff9fad7a000 	c:\Users\ad\.vscode\extensions\redhat.java-1.30.0-win32-x64\jre\17.0.10-win32-x86_64\bin\jimage.dll
0x00007ff9feb00000 - 0x00007ff9fece4000 	C:\Windows\SYSTEM32\DBGHELP.DLL
0x00007ff9ed6e0000 - 0x00007ff9ed714000 	C:\Windows\SYSTEM32\dbgcore.DLL
0x00007ffa00e20000 - 0x00007ffa00ea2000 	C:\Windows\System32\bcryptPrimitives.dll
0x00007ff9fad30000 - 0x00007ff9fad3e000 	c:\Users\ad\.vscode\extensions\redhat.java-1.30.0-win32-x64\jre\17.0.10-win32-x86_64\bin\instrument.dll
0x00007ff9d8d60000 - 0x00007ff9d8d85000 	c:\Users\ad\.vscode\extensions\redhat.java-1.30.0-win32-x64\jre\17.0.10-win32-x86_64\bin\java.dll
0x00007ff9ef510000 - 0x00007ff9ef528000 	c:\Users\ad\.vscode\extensions\redhat.java-1.30.0-win32-x64\jre\17.0.10-win32-x86_64\bin\zip.dll
0x00007ffa02f20000 - 0x00007ffa0368b000 	C:\Windows\System32\SHELL32.dll
0x00007ff9fedf0000 - 0x00007ff9ff58e000 	C:\Windows\SYSTEM32\windows.storage.dll
0x00007ffa01f60000 - 0x00007ffa022b3000 	C:\Windows\System32\combase.dll
0x00007ffa006e0000 - 0x00007ffa0070e000 	C:\Windows\SYSTEM32\Wldp.dll
0x00007ffa02e50000 - 0x00007ffa02f1d000 	C:\Windows\System32\OLEAUT32.dll
0x00007ffa02730000 - 0x00007ffa027dd000 	C:\Windows\System32\SHCORE.dll
0x00007ffa01d60000 - 0x00007ffa01db5000 	C:\Windows\System32\shlwapi.dll
0x00007ffa00cb0000 - 0x00007ffa00cd3000 	C:\Windows\SYSTEM32\profapi.dll
0x00007ff9dc830000 - 0x00007ff9dc849000 	C:\Users\ad\.vscode\extensions\redhat.java-1.30.0-win32-x64\jre\17.0.10-win32-x86_64\bin\net.dll
0x00007ff9f9030000 - 0x00007ff9f913a000 	C:\Windows\SYSTEM32\WINHTTP.dll
0x00007ffa00440000 - 0x00007ffa004aa000 	C:\Windows\system32\mswsock.dll
0x00007ff9d8930000 - 0x00007ff9d8946000 	C:\Users\ad\.vscode\extensions\redhat.java-1.30.0-win32-x64\jre\17.0.10-win32-x86_64\bin\nio.dll
0x00007ff9f97e0000 - 0x00007ff9f97f0000 	c:\Users\ad\.vscode\extensions\redhat.java-1.30.0-win32-x64\jre\17.0.10-win32-x86_64\bin\verify.dll

dbghelp: loaded successfully - version: 4.0.5 - missing functions: none
symbol engine: initialized successfully - sym options: 0x614 - pdb path: .;c:\Users\ad\.vscode\extensions\redhat.java-1.30.0-win32-x64\jre\17.0.10-win32-x86_64\bin;C:\Windows\SYSTEM32;C:\Windows\WinSxS\amd64_microsoft.windows.common-controls_6595b64144ccf1df_6.0.19041.3636_none_60b6a03d71f818d5;c:\Users\ad\.vscode\extensions\redhat.java-1.30.0-win32-x64\jre\17.0.10-win32-x86_64\bin\server

VM Arguments:
jvm_args: --add-modules=ALL-SYSTEM --add-opens=java.base/java.util=ALL-UNNAMED --add-opens=java.base/java.lang=ALL-UNNAMED --add-opens=java.base/sun.nio.fs=ALL-UNNAMED -Declipse.application=org.eclipse.jdt.ls.core.id1 -Dosgi.bundles.defaultStartLevel=4 -Declipse.product=org.eclipse.jdt.ls.core.product -Djava.import.generatesMetadataFilesAtProjectRoot=false -DDetectVMInstallationsJob.disabled=true -Dfile.encoding=utf8 -XX:+UseParallelGC -XX:GCTimeRatio=4 -XX:AdaptiveSizePolicyWeight=90 -Dsun.zip.disableMemoryMapping=true -Xmx1G -Xms100m -Xlog:disable -javaagent:c:\Users\ad\.vscode\extensions\redhat.java-1.30.0-win32-x64\lombok\lombok-1.18.32.jar 
java_command: c:\Users\ad\.vscode\extensions\redhat.java-1.30.0-win32-x64\server\plugins\org.eclipse.equinox.launcher_1.6.800.v20240330-1250.jar -configuration c:\Users\ad\AppData\Roaming\Code\User\globalStorage\redhat.java\1.30.0\config_ss_win -data c:\Users\ad\AppData\Roaming\Code\User\workspaceStorage\5141195cbf08ab991431c901b3b18a4e\redhat.java\ss_ws --pipe=\\.\pipe\lsp-ce1199bf58abecc289106dca15d2ec9d-sock
java_class_path (initial): c:\Users\ad\.vscode\extensions\redhat.java-1.30.0-win32-x64\server\plugins\org.eclipse.equinox.launcher_1.6.800.v20240330-1250.jar
Launcher Type: SUN_STANDARD

[Global flags]
    uintx AdaptiveSizePolicyWeight                 = 90                                        {product} {command line}
     intx CICompilerCount                          = 4                                         {product} {ergonomic}
    uintx GCTimeRatio                              = 4                                         {product} {command line}
   size_t InitialHeapSize                          = 104857600                                 {product} {command line}
   size_t MaxHeapSize                              = 1073741824                                {product} {command line}
   size_t MaxNewSize                               = 357564416                                 {product} {ergonomic}
   size_t MinHeapDeltaBytes                        = 524288                                    {product} {ergonomic}
   size_t MinHeapSize                              = 104857600                                 {product} {command line}
   size_t NewSize                                  = 34603008                                  {product} {ergonomic}
    uintx NonNMethodCodeHeapSize                   = 5839372                                {pd product} {ergonomic}
    uintx NonProfiledCodeHeapSize                  = 122909434                              {pd product} {ergonomic}
   size_t OldSize                                  = 70254592                                  {product} {ergonomic}
    uintx ProfiledCodeHeapSize                     = 122909434                              {pd product} {ergonomic}
    uintx ReservedCodeCacheSize                    = 251658240                              {pd product} {ergonomic}
     bool SegmentedCodeCache                       = true                                      {product} {ergonomic}
   size_t SoftMaxHeapSize                          = 1073741824                             {manageable} {ergonomic}
     bool UseCompressedClassPointers               = true                           {product lp64_product} {ergonomic}
     bool UseCompressedOops                        = true                           {product lp64_product} {ergonomic}
     bool UseLargePagesIndividualAllocation        = false                                  {pd product} {ergonomic}
     bool UseParallelGC                            = true                                      {product} {command line}

Logging:
Log output configuration:
 #0: stdout all=off uptime,level,tags
 #1: stderr all=off uptime,level,tags

Environment Variables:
PATH=C:\Program Files (x86)\VMware\VMware Workstation\bin\;C:\Program Files\Common Files\Oracle\Java\javapath;C:\Windows\system32;C:\Windows;C:\Windows\System32\Wbem;C:\Windows\System32\WindowsPowerShell\v1.0\;C:\Windows\System32\OpenSSH\;C:\Program Files\Microsoft SQL Server\Client SDK\ODBC\170\Tools\Binn\;C:\Program Files (x86)\Microsoft SQL Server\150\Tools\Binn\;C:\Program Files\Microsoft SQL Server\150\Tools\Binn\;C:\Program Files\Microsoft SQL Server\150\DTS\Binn\;C:\Program Files\Azure Data Studio\bin;C:\Program Files (x86)\Intel\Intel(R) Management Engine Components\DAL;C:\Program Files\Intel\Intel(R) Management Engine Components\DAL;C:\Program Files\Cloudflare\Cloudflare WARP\;C:\Program Files\dotnet\;C:\MinGW\bin;C:\Program Files\Git\cmd;C:\Program Files (x86)\Microsoft SQL Server\150\DTS\Binn\;C:\Program Files\nodejs\;C:\Program Files\Docker\Docker\resources\bin;C:\Users\ad\AppData\Local\Programs\Python\Python310\Scripts\;C:\Users\ad\AppData\Local\Programs\Python\Python310\;C:\Users\ad\AppData\Local\Microsoft\WindowsApps;C:\VSCode\Microsoft VS Code\bin;C:\Program Files\Azure Data Studio\bin;C:\Program Files\JetBrains\PyCharm Community Edition 2022.2.2\bin;;C:\Program Files\JetBrains\IntelliJ IDEA Community Edition 2023.1.1\bin;;C:\Users\ad\AppData\Roaming\npm;C:\Users\ad\.dotnet\tools;D:\Applications\ffmpeg\ffmpeg\bin;
USERNAME=ad
OS=Windows_NT
PROCESSOR_IDENTIFIER=Intel64 Family 6 Model 142 Stepping 10, GenuineIntel
TMP=C:\Users\ad\AppData\Local\Temp
TEMP=C:\Users\ad\AppData\Local\Temp



Periodic native trim disabled


---------------  S Y S T E M  ---------------

OS:
 Windows 10 , 64 bit Build 19041 (10.0.19041.3636)
OS uptime: 2 days 17:05 hours

CPU: total 8 (initial active 8) (4 cores per cpu, 2 threads per core) family 6 model 142 stepping 10 microcode 0xec, cx8, cmov, fxsr, ht, mmx, 3dnowpref, sse, sse2, sse3, ssse3, sse4.1, sse4.2, popcnt, lzcnt, tsc, tscinvbit, avx, avx2, aes, erms, clmul, bmi1, bmi2, adx, fma, vzeroupper, clflush, clflushopt
Processor Information for all 8 processors :
  Max Mhz: 1800, Current Mhz: 1600, Mhz Limit: 1584

Memory: 4k page, system-wide physical 16248M (653M free)
TotalPageFile size 44787M (AvailPageFile size 4M)
current process WorkingSet (physical memory assigned to process): 82M, peak: 82M
current process commit charge ("private bytes"): 203M, peak: 204M

vm_info: OpenJDK 64-Bit Server VM (17.0.10+7) for windows-amd64 JRE (17.0.10+7), built on Jan 16 2024 23:25:11 by "admin" with MS VC++ 16.10 / 16.11 (VS2019)

END.
